ERROR - 2024-02-11 00:34:25 --> mysqli_sql_exception: Unknown column 'email' in 'where clause' in C:\laragon\www\ColegioDP\system\Database\MySQLi\Connection.php:306
Stack trace:
#0 C:\laragon\www\ColegioDP\system\Database\MySQLi\Connection.php(306): mysqli->query('SELECT 1\nFROM `...', 0)
#1 C:\laragon\www\ColegioDP\system\Database\BaseConnection.php(692): CodeIgniter\Database\MySQLi\Connection->execute('SELECT 1\nFROM `...')
#2 C:\laragon\www\ColegioDP\system\Database\BaseConnection.php(606): CodeIgniter\Database\BaseConnection->simpleQuery('SELECT 1\nFROM `...')
#3 C:\laragon\www\ColegioDP\system\Database\BaseBuilder.php(1615): CodeIgniter\Database\BaseConnection->query('SELECT 1\nFROM `...', Array, false)
#4 C:\laragon\www\ColegioDP\system\Validation\StrictRules\Rules.php(206): CodeIgniter\Database\BaseBuilder->get()
#5 C:\laragon\www\ColegioDP\system\Validation\Validation.php(309): CodeIgniter\Validation\StrictRules\Rules->is_unique('rustomliquigan2...', 'email', Array, NULL, 'email')
#6 C:\laragon\www\ColegioDP\system\Validation\Validation.php(195): CodeIgniter\Validation\Validation->processRules('email', 'email', 'rustomliquigan2...', Array, Array)
#7 C:\laragon\www\ColegioDP\system\Controller.php(150): CodeIgniter\Validation\Validation->run()
#8 C:\laragon\www\ColegioDP\app\Controllers\Register.php(30): CodeIgniter\Controller->validate(Array)
#9 C:\laragon\www\ColegioDP\system\CodeIgniter.php(919): App\Controllers\Register->register()
#10 C:\laragon\www\ColegioDP\system\CodeIgniter.php(494): CodeIgniter\CodeIgniter->runController(Object(App\Controllers\Register))
#11 C:\laragon\www\ColegioDP\system\CodeIgniter.php(353): CodeIgniter\CodeIgniter->handleRequest(NULL, Object(Config\Cache), false)
#12 C:\laragon\www\ColegioDP\public\index.php(79): CodeIgniter\CodeIgniter->run()
#13 C:\laragon\www\ColegioDP\system\Commands\Server\rewrite.php(47): require_once('C:\\laragon\\www\\...')
#14 {main}
CRITICAL - 2024-02-11 00:34:25 --> Call to a member function getRow() on bool
in SYSTEMPATH\Validation\StrictRules\Rules.php on line 206.
 1 SYSTEMPATH\Validation\Validation.php(309): CodeIgniter\Validation\StrictRules\Rules->is_unique('rustomliquigan23@gmail.com', 'email', [...], null, 'email')
 2 SYSTEMPATH\Validation\Validation.php(195): CodeIgniter\Validation\Validation->processRules('email', 'email', 'rustomliquigan23@gmail.com', [...], [...])
 3 SYSTEMPATH\Controller.php(150): CodeIgniter\Validation\Validation->run()
 4 APPPATH\Controllers\Register.php(30): CodeIgniter\Controller->validate([...])
 5 SYSTEMPATH\CodeIgniter.php(919): App\Controllers\Register->register()
 6 SYSTEMPATH\CodeIgniter.php(494): CodeIgniter\CodeIgniter->runController(Object(App\Controllers\Register))
 7 SYSTEMPATH\CodeIgniter.php(353): CodeIgniter\CodeIgniter->handleRequest(null, Object(Config\Cache), false)
 8 FCPATH\index.php(79): CodeIgniter\CodeIgniter->run()
 9 SYSTEMPATH\Commands\Server\rewrite.php(47): require_once('C:\\laragon\\www\\ColegioDP\\public\\index.php')
ERROR - 2024-02-11 00:40:43 --> mysqli_sql_exception: Table 'memory.users' doesn't exist in C:\laragon\www\ColegioDP\system\Database\MySQLi\Connection.php:306
Stack trace:
#0 C:\laragon\www\ColegioDP\system\Database\MySQLi\Connection.php(306): mysqli->query('SELECT 1\nFROM `...', 0)
#1 C:\laragon\www\ColegioDP\system\Database\BaseConnection.php(692): CodeIgniter\Database\MySQLi\Connection->execute('SELECT 1\nFROM `...')
#2 C:\laragon\www\ColegioDP\system\Database\BaseConnection.php(606): CodeIgniter\Database\BaseConnection->simpleQuery('SELECT 1\nFROM `...')
#3 C:\laragon\www\ColegioDP\system\Database\BaseBuilder.php(1615): CodeIgniter\Database\BaseConnection->query('SELECT 1\nFROM `...', Array, false)
#4 C:\laragon\www\ColegioDP\system\Validation\StrictRules\Rules.php(206): CodeIgniter\Database\BaseBuilder->get()
#5 C:\laragon\www\ColegioDP\system\Validation\Validation.php(309): CodeIgniter\Validation\StrictRules\Rules->is_unique('rustomliquigan2...', 'email', Array, NULL, 'email')
#6 C:\laragon\www\ColegioDP\system\Validation\Validation.php(195): CodeIgniter\Validation\Validation->processRules('email', 'email', 'rustomliquigan2...', Array, Array)
#7 C:\laragon\www\ColegioDP\system\Controller.php(150): CodeIgniter\Validation\Validation->run()
#8 C:\laragon\www\ColegioDP\app\Controllers\Register.php(30): CodeIgniter\Controller->validate(Array)
#9 C:\laragon\www\ColegioDP\system\CodeIgniter.php(919): App\Controllers\Register->register()
#10 C:\laragon\www\ColegioDP\system\CodeIgniter.php(494): CodeIgniter\CodeIgniter->runController(Object(App\Controllers\Register))
#11 C:\laragon\www\ColegioDP\system\CodeIgniter.php(353): CodeIgniter\CodeIgniter->handleRequest(NULL, Object(Config\Cache), false)
#12 C:\laragon\www\ColegioDP\public\index.php(79): CodeIgniter\CodeIgniter->run()
#13 C:\laragon\www\ColegioDP\system\Commands\Server\rewrite.php(47): require_once('C:\\laragon\\www\\...')
#14 {main}
CRITICAL - 2024-02-11 00:40:43 --> Call to a member function getRow() on bool
in SYSTEMPATH\Validation\StrictRules\Rules.php on line 206.
 1 SYSTEMPATH\Validation\Validation.php(309): CodeIgniter\Validation\StrictRules\Rules->is_unique('rustomliquigan23@gmail.com', 'email', [...], null, 'email')
 2 SYSTEMPATH\Validation\Validation.php(195): CodeIgniter\Validation\Validation->processRules('email', 'email', 'rustomliquigan23@gmail.com', [...], [...])
 3 SYSTEMPATH\Controller.php(150): CodeIgniter\Validation\Validation->run()
 4 APPPATH\Controllers\Register.php(30): CodeIgniter\Controller->validate([...])
 5 SYSTEMPATH\CodeIgniter.php(919): App\Controllers\Register->register()
 6 SYSTEMPATH\CodeIgniter.php(494): CodeIgniter\CodeIgniter->runController(Object(App\Controllers\Register))
 7 SYSTEMPATH\CodeIgniter.php(353): CodeIgniter\CodeIgniter->handleRequest(null, Object(Config\Cache), false)
 8 FCPATH\index.php(79): CodeIgniter\CodeIgniter->run()
 9 SYSTEMPATH\Commands\Server\rewrite.php(47): require_once('C:\\laragon\\www\\ColegioDP\\public\\index.php')
ERROR - 2024-02-11 00:41:18 --> mysqli_sql_exception: Table 'memory.users' doesn't exist in C:\laragon\www\ColegioDP\system\Database\MySQLi\Connection.php:306
Stack trace:
#0 C:\laragon\www\ColegioDP\system\Database\MySQLi\Connection.php(306): mysqli->query('SELECT 1\nFROM `...', 0)
#1 C:\laragon\www\ColegioDP\system\Database\BaseConnection.php(692): CodeIgniter\Database\MySQLi\Connection->execute('SELECT 1\nFROM `...')
#2 C:\laragon\www\ColegioDP\system\Database\BaseConnection.php(606): CodeIgniter\Database\BaseConnection->simpleQuery('SELECT 1\nFROM `...')
#3 C:\laragon\www\ColegioDP\system\Database\BaseBuilder.php(1615): CodeIgniter\Database\BaseConnection->query('SELECT 1\nFROM `...', Array, false)
#4 C:\laragon\www\ColegioDP\system\Validation\StrictRules\Rules.php(206): CodeIgniter\Database\BaseBuilder->get()
#5 C:\laragon\www\ColegioDP\system\Validation\Validation.php(309): CodeIgniter\Validation\StrictRules\Rules->is_unique('rustomliquigan@...', 'email', Array, NULL, 'email')
#6 C:\laragon\www\ColegioDP\system\Validation\Validation.php(195): CodeIgniter\Validation\Validation->processRules('email', 'email', 'rustomliquigan@...', Array, Array)
#7 C:\laragon\www\ColegioDP\system\Controller.php(150): CodeIgniter\Validation\Validation->run()
#8 C:\laragon\www\ColegioDP\app\Controllers\Register.php(30): CodeIgniter\Controller->validate(Array)
#9 C:\laragon\www\ColegioDP\system\CodeIgniter.php(919): App\Controllers\Register->register()
#10 C:\laragon\www\ColegioDP\system\CodeIgniter.php(494): CodeIgniter\CodeIgniter->runController(Object(App\Controllers\Register))
#11 C:\laragon\www\ColegioDP\system\CodeIgniter.php(353): CodeIgniter\CodeIgniter->handleRequest(NULL, Object(Config\Cache), false)
#12 C:\laragon\www\ColegioDP\public\index.php(79): CodeIgniter\CodeIgniter->run()
#13 C:\laragon\www\ColegioDP\system\Commands\Server\rewrite.php(47): require_once('C:\\laragon\\www\\...')
#14 {main}
CRITICAL - 2024-02-11 00:41:18 --> Call to a member function getRow() on bool
in SYSTEMPATH\Validation\StrictRules\Rules.php on line 206.
 1 SYSTEMPATH\Validation\Validation.php(309): CodeIgniter\Validation\StrictRules\Rules->is_unique('rustomliquigan@gmail.com', 'email', [...], null, 'email')
 2 SYSTEMPATH\Validation\Validation.php(195): CodeIgniter\Validation\Validation->processRules('email', 'email', 'rustomliquigan@gmail.com', [...], [...])
 3 SYSTEMPATH\Controller.php(150): CodeIgniter\Validation\Validation->run()
 4 APPPATH\Controllers\Register.php(30): CodeIgniter\Controller->validate([...])
 5 SYSTEMPATH\CodeIgniter.php(919): App\Controllers\Register->register()
 6 SYSTEMPATH\CodeIgniter.php(494): CodeIgniter\CodeIgniter->runController(Object(App\Controllers\Register))
 7 SYSTEMPATH\CodeIgniter.php(353): CodeIgniter\CodeIgniter->handleRequest(null, Object(Config\Cache), false)
 8 FCPATH\index.php(79): CodeIgniter\CodeIgniter->run()
 9 SYSTEMPATH\Commands\Server\rewrite.php(47): require_once('C:\\laragon\\www\\ColegioDP\\public\\index.php')
ERROR - 2024-02-11 00:42:41 --> mysqli_sql_exception: Unknown column 'created_at' in 'field list' in C:\laragon\www\ColegioDP\system\Database\MySQLi\Connection.php:306
Stack trace:
#0 C:\laragon\www\ColegioDP\system\Database\MySQLi\Connection.php(306): mysqli->query('INSERT INTO `us...', 0)
#1 C:\laragon\www\ColegioDP\system\Database\BaseConnection.php(692): CodeIgniter\Database\MySQLi\Connection->execute('INSERT INTO `us...')
#2 C:\laragon\www\ColegioDP\system\Database\BaseConnection.php(606): CodeIgniter\Database\BaseConnection->simpleQuery('INSERT INTO `us...')
#3 C:\laragon\www\ColegioDP\system\Database\BaseBuilder.php(2308): CodeIgniter\Database\BaseConnection->query('INSERT INTO `us...', Array, false)
#4 C:\laragon\www\ColegioDP\system\Model.php(319): CodeIgniter\Database\BaseBuilder->insert()
#5 C:\laragon\www\ColegioDP\system\BaseModel.php(788): CodeIgniter\Model->doInsert(Array)
#6 C:\laragon\www\ColegioDP\system\Model.php(715): CodeIgniter\BaseModel->insert(Array, false)
#7 C:\laragon\www\ColegioDP\system\BaseModel.php(698): CodeIgniter\Model->insert(Array, false)
#8 C:\laragon\www\ColegioDP\app\Controllers\Register.php(36): CodeIgniter\BaseModel->save(Array)
#9 C:\laragon\www\ColegioDP\system\CodeIgniter.php(919): App\Controllers\Register->register()
#10 C:\laragon\www\ColegioDP\system\CodeIgniter.php(494): CodeIgniter\CodeIgniter->runController(Object(App\Controllers\Register))
#11 C:\laragon\www\ColegioDP\system\CodeIgniter.php(353): CodeIgniter\CodeIgniter->handleRequest(NULL, Object(Config\Cache), false)
#12 C:\laragon\www\ColegioDP\public\index.php(79): CodeIgniter\CodeIgniter->run()
#13 C:\laragon\www\ColegioDP\system\Commands\Server\rewrite.php(47): require_once('C:\\laragon\\www\\...')
#14 {main}
ERROR - 2024-02-11 00:44:54 --> mysqli_sql_exception: Unknown column 'created_at' in 'field list' in C:\laragon\www\ColegioDP\system\Database\MySQLi\Connection.php:306
Stack trace:
#0 C:\laragon\www\ColegioDP\system\Database\MySQLi\Connection.php(306): mysqli->query('INSERT INTO `us...', 0)
#1 C:\laragon\www\ColegioDP\system\Database\BaseConnection.php(692): CodeIgniter\Database\MySQLi\Connection->execute('INSERT INTO `us...')
#2 C:\laragon\www\ColegioDP\system\Database\BaseConnection.php(606): CodeIgniter\Database\BaseConnection->simpleQuery('INSERT INTO `us...')
#3 C:\laragon\www\ColegioDP\system\Database\BaseBuilder.php(2308): CodeIgniter\Database\BaseConnection->query('INSERT INTO `us...', Array, false)
#4 C:\laragon\www\ColegioDP\system\Model.php(319): CodeIgniter\Database\BaseBuilder->insert()
#5 C:\laragon\www\ColegioDP\system\BaseModel.php(788): CodeIgniter\Model->doInsert(Array)
#6 C:\laragon\www\ColegioDP\system\Model.php(715): CodeIgniter\BaseModel->insert(Array, false)
#7 C:\laragon\www\ColegioDP\system\BaseModel.php(698): CodeIgniter\Model->insert(Array, false)
#8 C:\laragon\www\ColegioDP\app\Controllers\Register.php(36): CodeIgniter\BaseModel->save(Array)
#9 C:\laragon\www\ColegioDP\system\CodeIgniter.php(919): App\Controllers\Register->register()
#10 C:\laragon\www\ColegioDP\system\CodeIgniter.php(494): CodeIgniter\CodeIgniter->runController(Object(App\Controllers\Register))
#11 C:\laragon\www\ColegioDP\system\CodeIgniter.php(353): CodeIgniter\CodeIgniter->handleRequest(NULL, Object(Config\Cache), false)
#12 C:\laragon\www\ColegioDP\public\index.php(79): CodeIgniter\CodeIgniter->run()
#13 C:\laragon\www\ColegioDP\system\Commands\Server\rewrite.php(47): require_once('C:\\laragon\\www\\...')
#14 {main}
ERROR - 2024-02-11 01:07:31 --> mysqli_sql_exception: Unknown column 'created_at' in 'field list' in C:\laragon\www\ColegioDP\system\Database\MySQLi\Connection.php:306
Stack trace:
#0 C:\laragon\www\ColegioDP\system\Database\MySQLi\Connection.php(306): mysqli->query('INSERT INTO `us...', 0)
#1 C:\laragon\www\ColegioDP\system\Database\BaseConnection.php(692): CodeIgniter\Database\MySQLi\Connection->execute('INSERT INTO `us...')
#2 C:\laragon\www\ColegioDP\system\Database\BaseConnection.php(606): CodeIgniter\Database\BaseConnection->simpleQuery('INSERT INTO `us...')
#3 C:\laragon\www\ColegioDP\system\Database\BaseBuilder.php(2308): CodeIgniter\Database\BaseConnection->query('INSERT INTO `us...', Array, false)
#4 C:\laragon\www\ColegioDP\system\Model.php(319): CodeIgniter\Database\BaseBuilder->insert()
#5 C:\laragon\www\ColegioDP\system\BaseModel.php(788): CodeIgniter\Model->doInsert(Array)
#6 C:\laragon\www\ColegioDP\system\Model.php(715): CodeIgniter\BaseModel->insert(Array, false)
#7 C:\laragon\www\ColegioDP\system\BaseModel.php(698): CodeIgniter\Model->insert(Array, false)
#8 C:\laragon\www\ColegioDP\app\Controllers\Register.php(36): CodeIgniter\BaseModel->save(Array)
#9 C:\laragon\www\ColegioDP\system\CodeIgniter.php(919): App\Controllers\Register->register()
#10 C:\laragon\www\ColegioDP\system\CodeIgniter.php(494): CodeIgniter\CodeIgniter->runController(Object(App\Controllers\Register))
#11 C:\laragon\www\ColegioDP\system\CodeIgniter.php(353): CodeIgniter\CodeIgniter->handleRequest(NULL, Object(Config\Cache), false)
#12 C:\laragon\www\ColegioDP\public\index.php(79): CodeIgniter\CodeIgniter->run()
#13 C:\laragon\www\ColegioDP\system\Commands\Server\rewrite.php(47): require_once('C:\\laragon\\www\\...')
#14 {main}
ERROR - 2024-02-11 01:12:34 --> mysqli_sql_exception: Table 'users' already exists in C:\laragon\www\ColegioDP\system\Database\MySQLi\Connection.php:306
Stack trace:
#0 C:\laragon\www\ColegioDP\system\Database\MySQLi\Connection.php(306): mysqli->query('CREATE TABLE `u...', 0)
#1 C:\laragon\www\ColegioDP\system\Database\BaseConnection.php(692): CodeIgniter\Database\MySQLi\Connection->execute('CREATE TABLE `u...')
#2 C:\laragon\www\ColegioDP\system\Database\BaseConnection.php(606): CodeIgniter\Database\BaseConnection->simpleQuery('CREATE TABLE `u...')
#3 C:\laragon\www\ColegioDP\system\Database\Forge.php(546): CodeIgniter\Database\BaseConnection->query('CREATE TABLE `u...')
#4 C:\laragon\www\ColegioDP\app\Database\Migrations\2024-02-09-010650_AddUser.php(37): CodeIgniter\Database\Forge->createTable('users')
#5 C:\laragon\www\ColegioDP\system\Database\MigrationRunner.php(877): App\Database\Migrations\AddUser->up()
#6 C:\laragon\www\ColegioDP\system\Database\MigrationRunner.php(188): CodeIgniter\Database\MigrationRunner->migrate('up', Object(stdClass))
#7 C:\laragon\www\ColegioDP\system\Commands\Database\Migrate.php(84): CodeIgniter\Database\MigrationRunner->latest(NULL)
#8 C:\laragon\www\ColegioDP\system\CLI\Commands.php(65): CodeIgniter\Commands\Database\Migrate->run(Array)
#9 C:\laragon\www\ColegioDP\system\CLI\Console.php(37): CodeIgniter\CLI\Commands->run('migrate', Array)
#10 C:\laragon\www\ColegioDP\spark(102): CodeIgniter\CLI\Console->run()
#11 {main}
ERROR - 2024-02-11 01:13:58 --> mysqli_sql_exception: Unknown column 'created_at' in 'field list' in C:\laragon\www\ColegioDP\system\Database\MySQLi\Connection.php:306
Stack trace:
#0 C:\laragon\www\ColegioDP\system\Database\MySQLi\Connection.php(306): mysqli->query('INSERT INTO `us...', 0)
#1 C:\laragon\www\ColegioDP\system\Database\BaseConnection.php(692): CodeIgniter\Database\MySQLi\Connection->execute('INSERT INTO `us...')
#2 C:\laragon\www\ColegioDP\system\Database\BaseConnection.php(606): CodeIgniter\Database\BaseConnection->simpleQuery('INSERT INTO `us...')
#3 C:\laragon\www\ColegioDP\system\Database\BaseBuilder.php(2308): CodeIgniter\Database\BaseConnection->query('INSERT INTO `us...', Array, false)
#4 C:\laragon\www\ColegioDP\system\Model.php(319): CodeIgniter\Database\BaseBuilder->insert()
#5 C:\laragon\www\ColegioDP\system\BaseModel.php(788): CodeIgniter\Model->doInsert(Array)
#6 C:\laragon\www\ColegioDP\system\Model.php(715): CodeIgniter\BaseModel->insert(Array, false)
#7 C:\laragon\www\ColegioDP\system\BaseModel.php(698): CodeIgniter\Model->insert(Array, false)
#8 C:\laragon\www\ColegioDP\app\Controllers\Register.php(36): CodeIgniter\BaseModel->save(Array)
#9 C:\laragon\www\ColegioDP\system\CodeIgniter.php(919): App\Controllers\Register->register()
#10 C:\laragon\www\ColegioDP\system\CodeIgniter.php(494): CodeIgniter\CodeIgniter->runController(Object(App\Controllers\Register))
#11 C:\laragon\www\ColegioDP\system\CodeIgniter.php(353): CodeIgniter\CodeIgniter->handleRequest(NULL, Object(Config\Cache), false)
#12 C:\laragon\www\ColegioDP\public\index.php(79): CodeIgniter\CodeIgniter->run()
#13 C:\laragon\www\ColegioDP\system\Commands\Server\rewrite.php(47): require_once('C:\\laragon\\www\\...')
#14 {main}
ERROR - 2024-02-11 04:55:28 --> mysqli_sql_exception: Unknown column 'created_at' in 'field list' in C:\laragon\www\ColegioDP\system\Database\MySQLi\Connection.php:306
Stack trace:
#0 C:\laragon\www\ColegioDP\system\Database\MySQLi\Connection.php(306): mysqli->query('INSERT INTO `us...', 0)
#1 C:\laragon\www\ColegioDP\system\Database\BaseConnection.php(692): CodeIgniter\Database\MySQLi\Connection->execute('INSERT INTO `us...')
#2 C:\laragon\www\ColegioDP\system\Database\BaseConnection.php(606): CodeIgniter\Database\BaseConnection->simpleQuery('INSERT INTO `us...')
#3 C:\laragon\www\ColegioDP\system\Database\BaseBuilder.php(2308): CodeIgniter\Database\BaseConnection->query('INSERT INTO `us...', Array, false)
#4 C:\laragon\www\ColegioDP\system\Model.php(319): CodeIgniter\Database\BaseBuilder->insert()
#5 C:\laragon\www\ColegioDP\system\BaseModel.php(788): CodeIgniter\Model->doInsert(Array)
#6 C:\laragon\www\ColegioDP\system\Model.php(715): CodeIgniter\BaseModel->insert(Array, false)
#7 C:\laragon\www\ColegioDP\system\BaseModel.php(698): CodeIgniter\Model->insert(Array, false)
#8 C:\laragon\www\ColegioDP\app\Controllers\Register.php(36): CodeIgniter\BaseModel->save(Array)
#9 C:\laragon\www\ColegioDP\system\CodeIgniter.php(919): App\Controllers\Register->register()
#10 C:\laragon\www\ColegioDP\system\CodeIgniter.php(494): CodeIgniter\CodeIgniter->runController(Object(App\Controllers\Register))
#11 C:\laragon\www\ColegioDP\system\CodeIgniter.php(353): CodeIgniter\CodeIgniter->handleRequest(NULL, Object(Config\Cache), false)
#12 C:\laragon\www\ColegioDP\public\index.php(79): CodeIgniter\CodeIgniter->run()
#13 C:\laragon\www\ColegioDP\system\Commands\Server\rewrite.php(47): require_once('C:\\laragon\\www\\...')
#14 {main}
