CRITICAL - 2024-03-09 03:54:49 --> Class "App\Models\ExamsModel" not found
in APPPATH\Controllers\Home.php on line 15.
 1 SYSTEMPATH\CodeIgniter.php(891): App\Controllers\Home->__construct()
 2 SYSTEMPATH\CodeIgniter.php(485): CodeIgniter\CodeIgniter->createController()
 3 SYSTEMPATH\CodeIgniter.php(353): CodeIgniter\CodeIgniter->handleRequest(null, Object(Config\Cache), false)
 4 FCPATH\index.php(79): CodeIgniter\CodeIgniter->run()
 5 SYSTEMPATH\Commands\Server\rewrite.php(47): require_once('C:\\laragon\\www\\ColegioDP\\public\\index.php')
CRITICAL - 2024-03-09 03:54:54 --> Invalid file: "error.php"
in SYSTEMPATH\Exceptions\FrameworkException.php on line 39.
 1 SYSTEMPATH\View\View.php(214): CodeIgniter\Exceptions\FrameworkException::forInvalidFile('error.php')
 2 SYSTEMPATH\Common.php(1188): CodeIgniter\View\View->render('error', [], true)
 3 APPPATH\Controllers\Dashboard.php(34): view('error', [...])
 4 SYSTEMPATH\CodeIgniter.php(919): App\Controllers\Dashboard->index()
 5 SYSTEMPATH\CodeIgniter.php(494): CodeIgniter\CodeIgniter->runController(Object(App\Controllers\Dashboard))
 6 SYSTEMPATH\CodeIgniter.php(353): CodeIgniter\CodeIgniter->handleRequest(null, Object(Config\Cache), false)
 7 FCPATH\index.php(79): CodeIgniter\CodeIgniter->run()
 8 SYSTEMPATH\Commands\Server\rewrite.php(47): require_once('C:\\laragon\\www\\ColegioDP\\public\\index.php')
CRITICAL - 2024-03-09 03:55:13 --> Class "App\Models\ExamsModel" not found
in APPPATH\Controllers\Home.php on line 15.
 1 SYSTEMPATH\CodeIgniter.php(891): App\Controllers\Home->__construct()
 2 SYSTEMPATH\CodeIgniter.php(485): CodeIgniter\CodeIgniter->createController()
 3 SYSTEMPATH\CodeIgniter.php(353): CodeIgniter\CodeIgniter->handleRequest(null, Object(Config\Cache), false)
 4 FCPATH\index.php(79): CodeIgniter\CodeIgniter->run()
 5 SYSTEMPATH\Commands\Server\rewrite.php(47): require_once('C:\\laragon\\www\\ColegioDP\\public\\index.php')
CRITICAL - 2024-03-09 03:57:25 --> Class "App\Models\ExamsModel" not found
in APPPATH\Controllers\Home.php on line 15.
 1 SYSTEMPATH\CodeIgniter.php(891): App\Controllers\Home->__construct()
 2 SYSTEMPATH\CodeIgniter.php(485): CodeIgniter\CodeIgniter->createController()
 3 SYSTEMPATH\CodeIgniter.php(353): CodeIgniter\CodeIgniter->handleRequest(null, Object(Config\Cache), false)
 4 FCPATH\index.php(79): CodeIgniter\CodeIgniter->run()
 5 SYSTEMPATH\Commands\Server\rewrite.php(47): require_once('C:\\laragon\\www\\ColegioDP\\public\\index.php')
CRITICAL - 2024-03-09 03:57:26 --> Class "App\Models\ExamsModel" not found
in APPPATH\Controllers\Home.php on line 15.
 1 SYSTEMPATH\CodeIgniter.php(891): App\Controllers\Home->__construct()
 2 SYSTEMPATH\CodeIgniter.php(485): CodeIgniter\CodeIgniter->createController()
 3 SYSTEMPATH\CodeIgniter.php(353): CodeIgniter\CodeIgniter->handleRequest(null, Object(Config\Cache), false)
 4 FCPATH\index.php(79): CodeIgniter\CodeIgniter->run()
 5 SYSTEMPATH\Commands\Server\rewrite.php(47): require_once('C:\\laragon\\www\\ColegioDP\\public\\index.php')
CRITICAL - 2024-03-09 03:57:50 --> Class "App\Models\ExamsModel" not found
in APPPATH\Controllers\Home.php on line 15.
 1 SYSTEMPATH\CodeIgniter.php(891): App\Controllers\Home->__construct()
 2 SYSTEMPATH\CodeIgniter.php(485): CodeIgniter\CodeIgniter->createController()
 3 SYSTEMPATH\CodeIgniter.php(353): CodeIgniter\CodeIgniter->handleRequest(null, Object(Config\Cache), false)
 4 FCPATH\index.php(79): CodeIgniter\CodeIgniter->run()
 5 SYSTEMPATH\Commands\Server\rewrite.php(47): require_once('C:\\laragon\\www\\ColegioDP\\public\\index.php')
CRITICAL - 2024-03-09 03:57:58 --> Invalid file: "error.php"
in SYSTEMPATH\Exceptions\FrameworkException.php on line 39.
 1 SYSTEMPATH\View\View.php(214): CodeIgniter\Exceptions\FrameworkException::forInvalidFile('error.php')
 2 SYSTEMPATH\Common.php(1188): CodeIgniter\View\View->render('error', [], true)
 3 APPPATH\Controllers\Dashboard.php(34): view('error', [...])
 4 SYSTEMPATH\CodeIgniter.php(919): App\Controllers\Dashboard->index()
 5 SYSTEMPATH\CodeIgniter.php(494): CodeIgniter\CodeIgniter->runController(Object(App\Controllers\Dashboard))
 6 SYSTEMPATH\CodeIgniter.php(353): CodeIgniter\CodeIgniter->handleRequest(null, Object(Config\Cache), false)
 7 FCPATH\index.php(79): CodeIgniter\CodeIgniter->run()
 8 SYSTEMPATH\Commands\Server\rewrite.php(47): require_once('C:\\laragon\\www\\ColegioDP\\public\\index.php')
CRITICAL - 2024-03-09 03:58:49 --> Invalid file: "error.php"
in SYSTEMPATH\Exceptions\FrameworkException.php on line 39.
 1 SYSTEMPATH\View\View.php(214): CodeIgniter\Exceptions\FrameworkException::forInvalidFile('error.php')
 2 SYSTEMPATH\Common.php(1188): CodeIgniter\View\View->render('error', [], true)
 3 APPPATH\Controllers\Dashboard.php(34): view('error', [...])
 4 SYSTEMPATH\CodeIgniter.php(919): App\Controllers\Dashboard->index()
 5 SYSTEMPATH\CodeIgniter.php(494): CodeIgniter\CodeIgniter->runController(Object(App\Controllers\Dashboard))
 6 SYSTEMPATH\CodeIgniter.php(353): CodeIgniter\CodeIgniter->handleRequest(null, Object(Config\Cache), false)
 7 FCPATH\index.php(79): CodeIgniter\CodeIgniter->run()
 8 SYSTEMPATH\Commands\Server\rewrite.php(47): require_once('C:\\laragon\\www\\ColegioDP\\public\\index.php')
CRITICAL - 2024-03-09 03:58:50 --> Invalid file: "error.php"
in SYSTEMPATH\Exceptions\FrameworkException.php on line 39.
 1 SYSTEMPATH\View\View.php(214): CodeIgniter\Exceptions\FrameworkException::forInvalidFile('error.php')
 2 SYSTEMPATH\Common.php(1188): CodeIgniter\View\View->render('error', [], true)
 3 APPPATH\Controllers\Dashboard.php(34): view('error', [...])
 4 SYSTEMPATH\CodeIgniter.php(919): App\Controllers\Dashboard->index()
 5 SYSTEMPATH\CodeIgniter.php(494): CodeIgniter\CodeIgniter->runController(Object(App\Controllers\Dashboard))
 6 SYSTEMPATH\CodeIgniter.php(353): CodeIgniter\CodeIgniter->handleRequest(null, Object(Config\Cache), false)
 7 FCPATH\index.php(79): CodeIgniter\CodeIgniter->run()
 8 SYSTEMPATH\Commands\Server\rewrite.php(47): require_once('C:\\laragon\\www\\ColegioDP\\public\\index.php')
CRITICAL - 2024-03-09 03:58:50 --> Invalid file: "error.php"
in SYSTEMPATH\Exceptions\FrameworkException.php on line 39.
 1 SYSTEMPATH\View\View.php(214): CodeIgniter\Exceptions\FrameworkException::forInvalidFile('error.php')
 2 SYSTEMPATH\Common.php(1188): CodeIgniter\View\View->render('error', [], true)
 3 APPPATH\Controllers\Dashboard.php(34): view('error', [...])
 4 SYSTEMPATH\CodeIgniter.php(919): App\Controllers\Dashboard->index()
 5 SYSTEMPATH\CodeIgniter.php(494): CodeIgniter\CodeIgniter->runController(Object(App\Controllers\Dashboard))
 6 SYSTEMPATH\CodeIgniter.php(353): CodeIgniter\CodeIgniter->handleRequest(null, Object(Config\Cache), false)
 7 FCPATH\index.php(79): CodeIgniter\CodeIgniter->run()
 8 SYSTEMPATH\Commands\Server\rewrite.php(47): require_once('C:\\laragon\\www\\ColegioDP\\public\\index.php')
CRITICAL - 2024-03-09 03:58:51 --> Invalid file: "error.php"
in SYSTEMPATH\Exceptions\FrameworkException.php on line 39.
 1 SYSTEMPATH\View\View.php(214): CodeIgniter\Exceptions\FrameworkException::forInvalidFile('error.php')
 2 SYSTEMPATH\Common.php(1188): CodeIgniter\View\View->render('error', [], true)
 3 APPPATH\Controllers\Dashboard.php(34): view('error', [...])
 4 SYSTEMPATH\CodeIgniter.php(919): App\Controllers\Dashboard->index()
 5 SYSTEMPATH\CodeIgniter.php(494): CodeIgniter\CodeIgniter->runController(Object(App\Controllers\Dashboard))
 6 SYSTEMPATH\CodeIgniter.php(353): CodeIgniter\CodeIgniter->handleRequest(null, Object(Config\Cache), false)
 7 FCPATH\index.php(79): CodeIgniter\CodeIgniter->run()
 8 SYSTEMPATH\Commands\Server\rewrite.php(47): require_once('C:\\laragon\\www\\ColegioDP\\public\\index.php')
CRITICAL - 2024-03-09 03:58:51 --> Invalid file: "error.php"
in SYSTEMPATH\Exceptions\FrameworkException.php on line 39.
 1 SYSTEMPATH\View\View.php(214): CodeIgniter\Exceptions\FrameworkException::forInvalidFile('error.php')
 2 SYSTEMPATH\Common.php(1188): CodeIgniter\View\View->render('error', [], true)
 3 APPPATH\Controllers\Dashboard.php(34): view('error', [...])
 4 SYSTEMPATH\CodeIgniter.php(919): App\Controllers\Dashboard->index()
 5 SYSTEMPATH\CodeIgniter.php(494): CodeIgniter\CodeIgniter->runController(Object(App\Controllers\Dashboard))
 6 SYSTEMPATH\CodeIgniter.php(353): CodeIgniter\CodeIgniter->handleRequest(null, Object(Config\Cache), false)
 7 FCPATH\index.php(79): CodeIgniter\CodeIgniter->run()
 8 SYSTEMPATH\Commands\Server\rewrite.php(47): require_once('C:\\laragon\\www\\ColegioDP\\public\\index.php')
CRITICAL - 2024-03-09 03:59:28 --> Invalid file: "error.php"
in SYSTEMPATH\Exceptions\FrameworkException.php on line 39.
 1 SYSTEMPATH\View\View.php(214): CodeIgniter\Exceptions\FrameworkException::forInvalidFile('error.php')
 2 SYSTEMPATH\Common.php(1188): CodeIgniter\View\View->render('error', [], true)
 3 APPPATH\Controllers\Dashboard.php(34): view('error', [...])
 4 SYSTEMPATH\CodeIgniter.php(919): App\Controllers\Dashboard->index()
 5 SYSTEMPATH\CodeIgniter.php(494): CodeIgniter\CodeIgniter->runController(Object(App\Controllers\Dashboard))
 6 SYSTEMPATH\CodeIgniter.php(353): CodeIgniter\CodeIgniter->handleRequest(null, Object(Config\Cache), false)
 7 FCPATH\index.php(79): CodeIgniter\CodeIgniter->run()
 8 SYSTEMPATH\Commands\Server\rewrite.php(47): require_once('C:\\laragon\\www\\ColegioDP\\public\\index.php')
CRITICAL - 2024-03-09 03:59:49 --> Invalid file: "error.php"
in SYSTEMPATH\Exceptions\FrameworkException.php on line 39.
 1 SYSTEMPATH\View\View.php(214): CodeIgniter\Exceptions\FrameworkException::forInvalidFile('error.php')
 2 SYSTEMPATH\Common.php(1188): CodeIgniter\View\View->render('error', [], true)
 3 APPPATH\Controllers\Dashboard.php(34): view('error', [...])
 4 SYSTEMPATH\CodeIgniter.php(919): App\Controllers\Dashboard->index()
 5 SYSTEMPATH\CodeIgniter.php(494): CodeIgniter\CodeIgniter->runController(Object(App\Controllers\Dashboard))
 6 SYSTEMPATH\CodeIgniter.php(353): CodeIgniter\CodeIgniter->handleRequest(null, Object(Config\Cache), false)
 7 FCPATH\index.php(79): CodeIgniter\CodeIgniter->run()
 8 SYSTEMPATH\Commands\Server\rewrite.php(47): require_once('C:\\laragon\\www\\ColegioDP\\public\\index.php')
CRITICAL - 2024-03-09 04:52:47 --> Invalid file: "/dashboard.php"
in SYSTEMPATH\Exceptions\FrameworkException.php on line 39.
 1 SYSTEMPATH\View\View.php(214): CodeIgniter\Exceptions\FrameworkException::forInvalidFile('/dashboard.php')
 2 SYSTEMPATH\Common.php(1188): CodeIgniter\View\View->render('/dashboard', [], true)
 3 APPPATH\Controllers\Dashboard.php(26): view('/dashboard', [...])
 4 SYSTEMPATH\CodeIgniter.php(919): App\Controllers\Dashboard->index()
 5 SYSTEMPATH\CodeIgniter.php(494): CodeIgniter\CodeIgniter->runController(Object(App\Controllers\Dashboard))
 6 SYSTEMPATH\CodeIgniter.php(353): CodeIgniter\CodeIgniter->handleRequest(null, Object(Config\Cache), false)
 7 FCPATH\index.php(79): CodeIgniter\CodeIgniter->run()
 8 SYSTEMPATH\Commands\Server\rewrite.php(47): require_once('C:\\laragon\\www\\ColegioDP\\public\\index.php')
CRITICAL - 2024-03-09 04:52:51 --> Invalid file: "/dashboard.php"
in SYSTEMPATH\Exceptions\FrameworkException.php on line 39.
 1 SYSTEMPATH\View\View.php(214): CodeIgniter\Exceptions\FrameworkException::forInvalidFile('/dashboard.php')
 2 SYSTEMPATH\Common.php(1188): CodeIgniter\View\View->render('/dashboard', [], true)
 3 APPPATH\Controllers\Dashboard.php(26): view('/dashboard', [...])
 4 SYSTEMPATH\CodeIgniter.php(919): App\Controllers\Dashboard->index()
 5 SYSTEMPATH\CodeIgniter.php(494): CodeIgniter\CodeIgniter->runController(Object(App\Controllers\Dashboard))
 6 SYSTEMPATH\CodeIgniter.php(353): CodeIgniter\CodeIgniter->handleRequest(null, Object(Config\Cache), false)
 7 FCPATH\index.php(79): CodeIgniter\CodeIgniter->run()
 8 SYSTEMPATH\Commands\Server\rewrite.php(47): require_once('C:\\laragon\\www\\ColegioDP\\public\\index.php')
CRITICAL - 2024-03-09 04:52:54 --> Invalid file: "/dashboard.php"
in SYSTEMPATH\Exceptions\FrameworkException.php on line 39.
 1 SYSTEMPATH\View\View.php(214): CodeIgniter\Exceptions\FrameworkException::forInvalidFile('/dashboard.php')
 2 SYSTEMPATH\Common.php(1188): CodeIgniter\View\View->render('/dashboard', [], true)
 3 APPPATH\Controllers\Dashboard.php(26): view('/dashboard', [...])
 4 SYSTEMPATH\CodeIgniter.php(919): App\Controllers\Dashboard->index()
 5 SYSTEMPATH\CodeIgniter.php(494): CodeIgniter\CodeIgniter->runController(Object(App\Controllers\Dashboard))
 6 SYSTEMPATH\CodeIgniter.php(353): CodeIgniter\CodeIgniter->handleRequest(null, Object(Config\Cache), false)
 7 FCPATH\index.php(79): CodeIgniter\CodeIgniter->run()
 8 SYSTEMPATH\Commands\Server\rewrite.php(47): require_once('C:\\laragon\\www\\ColegioDP\\public\\index.php')
CRITICAL - 2024-03-09 04:53:18 --> Invalid file: "/dashboard.php"
in SYSTEMPATH\Exceptions\FrameworkException.php on line 39.
 1 SYSTEMPATH\View\View.php(214): CodeIgniter\Exceptions\FrameworkException::forInvalidFile('/dashboard.php')
 2 SYSTEMPATH\Common.php(1188): CodeIgniter\View\View->render('/dashboard', [], true)
 3 APPPATH\Controllers\Dashboard.php(26): view('/dashboard', [...])
 4 SYSTEMPATH\CodeIgniter.php(919): App\Controllers\Dashboard->index()
 5 SYSTEMPATH\CodeIgniter.php(494): CodeIgniter\CodeIgniter->runController(Object(App\Controllers\Dashboard))
 6 SYSTEMPATH\CodeIgniter.php(353): CodeIgniter\CodeIgniter->handleRequest(null, Object(Config\Cache), false)
 7 FCPATH\index.php(79): CodeIgniter\CodeIgniter->run()
 8 SYSTEMPATH\Commands\Server\rewrite.php(47): require_once('C:\\laragon\\www\\ColegioDP\\public\\index.php')
CRITICAL - 2024-03-09 04:53:20 --> Invalid file: "/dashboard.php"
in SYSTEMPATH\Exceptions\FrameworkException.php on line 39.
 1 SYSTEMPATH\View\View.php(214): CodeIgniter\Exceptions\FrameworkException::forInvalidFile('/dashboard.php')
 2 SYSTEMPATH\Common.php(1188): CodeIgniter\View\View->render('/dashboard', [], true)
 3 APPPATH\Controllers\Dashboard.php(26): view('/dashboard', [...])
 4 SYSTEMPATH\CodeIgniter.php(919): App\Controllers\Dashboard->index()
 5 SYSTEMPATH\CodeIgniter.php(494): CodeIgniter\CodeIgniter->runController(Object(App\Controllers\Dashboard))
 6 SYSTEMPATH\CodeIgniter.php(353): CodeIgniter\CodeIgniter->handleRequest(null, Object(Config\Cache), false)
 7 FCPATH\index.php(79): CodeIgniter\CodeIgniter->run()
 8 SYSTEMPATH\Commands\Server\rewrite.php(47): require_once('C:\\laragon\\www\\ColegioDP\\public\\index.php')
CRITICAL - 2024-03-09 04:59:39 --> Class "App\Models\ExamsModel" not found
in APPPATH\Controllers\Home.php on line 15.
 1 SYSTEMPATH\CodeIgniter.php(891): App\Controllers\Home->__construct()
 2 SYSTEMPATH\CodeIgniter.php(485): CodeIgniter\CodeIgniter->createController()
 3 SYSTEMPATH\CodeIgniter.php(353): CodeIgniter\CodeIgniter->handleRequest(null, Object(Config\Cache), false)
 4 FCPATH\index.php(79): CodeIgniter\CodeIgniter->run()
 5 SYSTEMPATH\Commands\Server\rewrite.php(47): require_once('C:\\laragon\\www\\ColegioDP\\public\\index.php')
CRITICAL - 2024-03-09 04:59:42 --> Invalid file: "login.php"
in SYSTEMPATH\Exceptions\FrameworkException.php on line 39.
 1 SYSTEMPATH\View\View.php(214): CodeIgniter\Exceptions\FrameworkException::forInvalidFile('login.php')
 2 SYSTEMPATH\Common.php(1188): CodeIgniter\View\View->render('login', [], true)
 3 APPPATH\Controllers\AuthController.php(69): view('login', [])
 4 SYSTEMPATH\CodeIgniter.php(919): App\Controllers\AuthController->login()
 5 SYSTEMPATH\CodeIgniter.php(494): CodeIgniter\CodeIgniter->runController(Object(App\Controllers\AuthController))
 6 SYSTEMPATH\CodeIgniter.php(353): CodeIgniter\CodeIgniter->handleRequest(null, Object(Config\Cache), false)
 7 FCPATH\index.php(79): CodeIgniter\CodeIgniter->run()
 8 SYSTEMPATH\Commands\Server\rewrite.php(47): require_once('C:\\laragon\\www\\ColegioDP\\public\\index.php')
ERROR - 2024-03-09 05:54:12 --> mysqli_sql_exception: Column 'username' cannot be null in C:\laragon\www\ColegioDP\system\Database\MySQLi\Connection.php:306
Stack trace:
#0 C:\laragon\www\ColegioDP\system\Database\MySQLi\Connection.php(306): mysqli->query('INSERT INTO `us...', 0)
#1 C:\laragon\www\ColegioDP\system\Database\BaseConnection.php(692): CodeIgniter\Database\MySQLi\Connection->execute('INSERT INTO `us...')
#2 C:\laragon\www\ColegioDP\system\Database\BaseConnection.php(606): CodeIgniter\Database\BaseConnection->simpleQuery('INSERT INTO `us...')
#3 C:\laragon\www\ColegioDP\system\Database\BaseBuilder.php(2308): CodeIgniter\Database\BaseConnection->query('INSERT INTO `us...', Array, false)
#4 C:\laragon\www\ColegioDP\system\Model.php(319): CodeIgniter\Database\BaseBuilder->insert()
#5 C:\laragon\www\ColegioDP\system\BaseModel.php(788): CodeIgniter\Model->doInsert(Array)
#6 C:\laragon\www\ColegioDP\system\Model.php(715): CodeIgniter\BaseModel->insert(Array, true)
#7 C:\laragon\www\ColegioDP\app\Controllers\AuthController.php(26): CodeIgniter\Model->insert(Array)
#8 C:\laragon\www\ColegioDP\system\CodeIgniter.php(919): App\Controllers\AuthController->register()
#9 C:\laragon\www\ColegioDP\system\CodeIgniter.php(494): CodeIgniter\CodeIgniter->runController(Object(App\Controllers\AuthController))
#10 C:\laragon\www\ColegioDP\system\CodeIgniter.php(353): CodeIgniter\CodeIgniter->handleRequest(NULL, Object(Config\Cache), false)
#11 C:\laragon\www\ColegioDP\public\index.php(79): CodeIgniter\CodeIgniter->run()
#12 C:\laragon\www\ColegioDP\system\Commands\Server\rewrite.php(47): require_once('C:\\laragon\\www\\...')
#13 {main}
CRITICAL - 2024-03-09 05:57:58 --> php_network_getaddresses: getaddrinfo for your_server failed: No such host is known. 
in APPPATH\Views\register.php on line 7.
 1 APPPATH\Views\register.php(7): mysqli->__construct('your_server', 'root', 'your_password', 'accounts')
 2 SYSTEMPATH\View\View.php(226): include('C:\\laragon\\www\\ColegioDP\\app\\Views\\register.php')
 3 SYSTEMPATH\View\View.php(229): CodeIgniter\View\View->CodeIgniter\View\{closure}()
 4 SYSTEMPATH\Common.php(1188): CodeIgniter\View\View->render('register', [], true)
 5 APPPATH\Controllers\AuthController.php(32): view('register', [])
 6 SYSTEMPATH\CodeIgniter.php(919): App\Controllers\AuthController->register()
 7 SYSTEMPATH\CodeIgniter.php(494): CodeIgniter\CodeIgniter->runController(Object(App\Controllers\AuthController))
 8 SYSTEMPATH\CodeIgniter.php(353): CodeIgniter\CodeIgniter->handleRequest(null, Object(Config\Cache), false)
 9 FCPATH\index.php(79): CodeIgniter\CodeIgniter->run()
10 SYSTEMPATH\Commands\Server\rewrite.php(47): require_once('C:\\laragon\\www\\ColegioDP\\public\\index.php')
CRITICAL - 2024-03-09 05:58:00 --> php_network_getaddresses: getaddrinfo for your_server failed: No such host is known. 
in APPPATH\Views\register.php on line 7.
 1 APPPATH\Views\register.php(7): mysqli->__construct('your_server', 'root', 'your_password', 'accounts')
 2 SYSTEMPATH\View\View.php(226): include('C:\\laragon\\www\\ColegioDP\\app\\Views\\register.php')
 3 SYSTEMPATH\View\View.php(229): CodeIgniter\View\View->CodeIgniter\View\{closure}()
 4 SYSTEMPATH\Common.php(1188): CodeIgniter\View\View->render('register', [], true)
 5 APPPATH\Controllers\AuthController.php(32): view('register', [])
 6 SYSTEMPATH\CodeIgniter.php(919): App\Controllers\AuthController->register()
 7 SYSTEMPATH\CodeIgniter.php(494): CodeIgniter\CodeIgniter->runController(Object(App\Controllers\AuthController))
 8 SYSTEMPATH\CodeIgniter.php(353): CodeIgniter\CodeIgniter->handleRequest(null, Object(Config\Cache), false)
 9 FCPATH\index.php(79): CodeIgniter\CodeIgniter->run()
10 SYSTEMPATH\Commands\Server\rewrite.php(47): require_once('C:\\laragon\\www\\ColegioDP\\public\\index.php')
CRITICAL - 2024-03-09 05:58:03 --> php_network_getaddresses: getaddrinfo for your_server failed: No such host is known. 
in APPPATH\Views\register.php on line 7.
 1 APPPATH\Views\register.php(7): mysqli->__construct('your_server', 'root', 'your_password', 'accounts')
 2 SYSTEMPATH\View\View.php(226): include('C:\\laragon\\www\\ColegioDP\\app\\Views\\register.php')
 3 SYSTEMPATH\View\View.php(229): CodeIgniter\View\View->CodeIgniter\View\{closure}()
 4 SYSTEMPATH\Common.php(1188): CodeIgniter\View\View->render('register', [], true)
 5 APPPATH\Controllers\AuthController.php(32): view('register', [])
 6 SYSTEMPATH\CodeIgniter.php(919): App\Controllers\AuthController->register()
 7 SYSTEMPATH\CodeIgniter.php(494): CodeIgniter\CodeIgniter->runController(Object(App\Controllers\AuthController))
 8 SYSTEMPATH\CodeIgniter.php(353): CodeIgniter\CodeIgniter->handleRequest(null, Object(Config\Cache), false)
 9 FCPATH\index.php(79): CodeIgniter\CodeIgniter->run()
10 SYSTEMPATH\Commands\Server\rewrite.php(47): require_once('C:\\laragon\\www\\ColegioDP\\public\\index.php')
CRITICAL - 2024-03-09 05:58:05 --> php_network_getaddresses: getaddrinfo for your_server failed: No such host is known. 
in APPPATH\Views\register.php on line 7.
 1 APPPATH\Views\register.php(7): mysqli->__construct('your_server', 'root', 'your_password', 'accounts')
 2 SYSTEMPATH\View\View.php(226): include('C:\\laragon\\www\\ColegioDP\\app\\Views\\register.php')
 3 SYSTEMPATH\View\View.php(229): CodeIgniter\View\View->CodeIgniter\View\{closure}()
 4 SYSTEMPATH\Common.php(1188): CodeIgniter\View\View->render('register', [], true)
 5 APPPATH\Controllers\AuthController.php(32): view('register', [])
 6 SYSTEMPATH\CodeIgniter.php(919): App\Controllers\AuthController->register()
 7 SYSTEMPATH\CodeIgniter.php(494): CodeIgniter\CodeIgniter->runController(Object(App\Controllers\AuthController))
 8 SYSTEMPATH\CodeIgniter.php(353): CodeIgniter\CodeIgniter->handleRequest(null, Object(Config\Cache), false)
 9 FCPATH\index.php(79): CodeIgniter\CodeIgniter->run()
10 SYSTEMPATH\Commands\Server\rewrite.php(47): require_once('C:\\laragon\\www\\ColegioDP\\public\\index.php')
CRITICAL - 2024-03-09 05:58:07 --> php_network_getaddresses: getaddrinfo for your_server failed: No such host is known. 
in APPPATH\Views\register.php on line 7.
 1 APPPATH\Views\register.php(7): mysqli->__construct('your_server', 'root', 'your_password', 'accounts')
 2 SYSTEMPATH\View\View.php(226): include('C:\\laragon\\www\\ColegioDP\\app\\Views\\register.php')
 3 SYSTEMPATH\View\View.php(229): CodeIgniter\View\View->CodeIgniter\View\{closure}()
 4 SYSTEMPATH\Common.php(1188): CodeIgniter\View\View->render('register', [], true)
 5 APPPATH\Controllers\AuthController.php(32): view('register', [])
 6 SYSTEMPATH\CodeIgniter.php(919): App\Controllers\AuthController->register()
 7 SYSTEMPATH\CodeIgniter.php(494): CodeIgniter\CodeIgniter->runController(Object(App\Controllers\AuthController))
 8 SYSTEMPATH\CodeIgniter.php(353): CodeIgniter\CodeIgniter->handleRequest(null, Object(Config\Cache), false)
 9 FCPATH\index.php(79): CodeIgniter\CodeIgniter->run()
10 SYSTEMPATH\Commands\Server\rewrite.php(47): require_once('C:\\laragon\\www\\ColegioDP\\public\\index.php')
CRITICAL - 2024-03-09 06:00:12 --> php_network_getaddresses: getaddrinfo for your_server failed: No such host is known. 
in APPPATH\Views\register.php on line 7.
 1 APPPATH\Views\register.php(7): mysqli->__construct('your_server', 'root', 'your_password', 'accounts')
 2 SYSTEMPATH\View\View.php(226): include('C:\\laragon\\www\\ColegioDP\\app\\Views\\register.php')
 3 SYSTEMPATH\View\View.php(229): CodeIgniter\View\View->CodeIgniter\View\{closure}()
 4 SYSTEMPATH\Common.php(1188): CodeIgniter\View\View->render('register', [], true)
 5 APPPATH\Controllers\AuthController.php(32): view('register', [])
 6 SYSTEMPATH\CodeIgniter.php(919): App\Controllers\AuthController->register()
 7 SYSTEMPATH\CodeIgniter.php(494): CodeIgniter\CodeIgniter->runController(Object(App\Controllers\AuthController))
 8 SYSTEMPATH\CodeIgniter.php(353): CodeIgniter\CodeIgniter->handleRequest(null, Object(Config\Cache), false)
 9 FCPATH\index.php(79): CodeIgniter\CodeIgniter->run()
10 SYSTEMPATH\Commands\Server\rewrite.php(47): require_once('C:\\laragon\\www\\ColegioDP\\public\\index.php')
CRITICAL - 2024-03-09 07:35:42 --> Invalid file: "/dashboards.php"
in SYSTEMPATH\Exceptions\FrameworkException.php on line 39.
 1 SYSTEMPATH\View\View.php(214): CodeIgniter\Exceptions\FrameworkException::forInvalidFile('/dashboards.php')
 2 SYSTEMPATH\Common.php(1188): CodeIgniter\View\View->render('/dashboards', [], true)
 3 APPPATH\Controllers\Dashboard.php(26): view('/dashboards', [...])
 4 SYSTEMPATH\CodeIgniter.php(919): App\Controllers\Dashboard->index()
 5 SYSTEMPATH\CodeIgniter.php(494): CodeIgniter\CodeIgniter->runController(Object(App\Controllers\Dashboard))
 6 SYSTEMPATH\CodeIgniter.php(353): CodeIgniter\CodeIgniter->handleRequest(null, Object(Config\Cache), false)
 7 FCPATH\index.php(79): CodeIgniter\CodeIgniter->run()
 8 SYSTEMPATH\Commands\Server\rewrite.php(47): require_once('C:\\laragon\\www\\ColegioDP\\public\\index.php')
CRITICAL - 2024-03-09 07:36:05 --> Invalid file: "/dashboards.php"
in SYSTEMPATH\Exceptions\FrameworkException.php on line 39.
 1 SYSTEMPATH\View\View.php(214): CodeIgniter\Exceptions\FrameworkException::forInvalidFile('/dashboards.php')
 2 SYSTEMPATH\Common.php(1188): CodeIgniter\View\View->render('/dashboards', [], true)
 3 APPPATH\Controllers\Dashboard.php(26): view('/dashboards', [...])
 4 SYSTEMPATH\CodeIgniter.php(919): App\Controllers\Dashboard->index()
 5 SYSTEMPATH\CodeIgniter.php(494): CodeIgniter\CodeIgniter->runController(Object(App\Controllers\Dashboard))
 6 SYSTEMPATH\CodeIgniter.php(353): CodeIgniter\CodeIgniter->handleRequest(null, Object(Config\Cache), false)
 7 FCPATH\index.php(79): CodeIgniter\CodeIgniter->run()
 8 SYSTEMPATH\Commands\Server\rewrite.php(47): require_once('C:\\laragon\\www\\ColegioDP\\public\\index.php')
CRITICAL - 2024-03-09 07:37:24 --> Invalid file: "/dashboards.php"
in SYSTEMPATH\Exceptions\FrameworkException.php on line 39.
 1 SYSTEMPATH\View\View.php(214): CodeIgniter\Exceptions\FrameworkException::forInvalidFile('/dashboards.php')
 2 SYSTEMPATH\Common.php(1188): CodeIgniter\View\View->render('/dashboards', [], true)
 3 APPPATH\Controllers\Dashboard.php(26): view('/dashboards', [...])
 4 SYSTEMPATH\CodeIgniter.php(919): App\Controllers\Dashboard->index()
 5 SYSTEMPATH\CodeIgniter.php(494): CodeIgniter\CodeIgniter->runController(Object(App\Controllers\Dashboard))
 6 SYSTEMPATH\CodeIgniter.php(353): CodeIgniter\CodeIgniter->handleRequest(null, Object(Config\Cache), false)
 7 FCPATH\index.php(79): CodeIgniter\CodeIgniter->run()
 8 SYSTEMPATH\Commands\Server\rewrite.php(47): require_once('C:\\laragon\\www\\ColegioDP\\public\\index.php')
CRITICAL - 2024-03-09 07:38:21 --> Invalid file: "/dashboards.php"
in SYSTEMPATH\Exceptions\FrameworkException.php on line 39.
 1 SYSTEMPATH\View\View.php(214): CodeIgniter\Exceptions\FrameworkException::forInvalidFile('/dashboards.php')
 2 SYSTEMPATH\Common.php(1188): CodeIgniter\View\View->render('/dashboards', [], true)
 3 APPPATH\Controllers\Dashboard.php(26): view('/dashboards', [...])
 4 SYSTEMPATH\CodeIgniter.php(919): App\Controllers\Dashboard->index()
 5 SYSTEMPATH\CodeIgniter.php(494): CodeIgniter\CodeIgniter->runController(Object(App\Controllers\Dashboard))
 6 SYSTEMPATH\CodeIgniter.php(353): CodeIgniter\CodeIgniter->handleRequest(null, Object(Config\Cache), false)
 7 FCPATH\index.php(79): CodeIgniter\CodeIgniter->run()
 8 SYSTEMPATH\Commands\Server\rewrite.php(47): require_once('C:\\laragon\\www\\ColegioDP\\public\\index.php')
CRITICAL - 2024-03-09 07:38:25 --> Invalid file: "/dashboards.php"
in SYSTEMPATH\Exceptions\FrameworkException.php on line 39.
 1 SYSTEMPATH\View\View.php(214): CodeIgniter\Exceptions\FrameworkException::forInvalidFile('/dashboards.php')
 2 SYSTEMPATH\Common.php(1188): CodeIgniter\View\View->render('/dashboards', [], true)
 3 APPPATH\Controllers\Dashboard.php(26): view('/dashboards', [...])
 4 SYSTEMPATH\CodeIgniter.php(919): App\Controllers\Dashboard->index()
 5 SYSTEMPATH\CodeIgniter.php(494): CodeIgniter\CodeIgniter->runController(Object(App\Controllers\Dashboard))
 6 SYSTEMPATH\CodeIgniter.php(353): CodeIgniter\CodeIgniter->handleRequest(null, Object(Config\Cache), false)
 7 FCPATH\index.php(79): CodeIgniter\CodeIgniter->run()
 8 SYSTEMPATH\Commands\Server\rewrite.php(47): require_once('C:\\laragon\\www\\ColegioDP\\public\\index.php')
CRITICAL - 2024-03-09 07:40:03 --> Invalid file: "/profiles.php"
in SYSTEMPATH\Exceptions\FrameworkException.php on line 39.
 1 SYSTEMPATH\View\View.php(214): CodeIgniter\Exceptions\FrameworkException::forInvalidFile('/profiles.php')
 2 SYSTEMPATH\Common.php(1188): CodeIgniter\View\View->render('/profiles', [], true)
 3 APPPATH\Controllers\ProfileSetting.php(26): view('/profiles', [...])
 4 SYSTEMPATH\CodeIgniter.php(919): App\Controllers\ProfileSetting->index()
 5 SYSTEMPATH\CodeIgniter.php(494): CodeIgniter\CodeIgniter->runController(Object(App\Controllers\ProfileSetting))
 6 SYSTEMPATH\CodeIgniter.php(353): CodeIgniter\CodeIgniter->handleRequest(null, Object(Config\Cache), false)
 7 FCPATH\index.php(79): CodeIgniter\CodeIgniter->run()
 8 SYSTEMPATH\Commands\Server\rewrite.php(47): require_once('C:\\laragon\\www\\ColegioDP\\public\\index.php')
CRITICAL - 2024-03-09 07:40:07 --> Invalid file: "/profiles.php"
in SYSTEMPATH\Exceptions\FrameworkException.php on line 39.
 1 SYSTEMPATH\View\View.php(214): CodeIgniter\Exceptions\FrameworkException::forInvalidFile('/profiles.php')
 2 SYSTEMPATH\Common.php(1188): CodeIgniter\View\View->render('/profiles', [], true)
 3 APPPATH\Controllers\ProfileSetting.php(26): view('/profiles', [...])
 4 SYSTEMPATH\CodeIgniter.php(919): App\Controllers\ProfileSetting->index()
 5 SYSTEMPATH\CodeIgniter.php(494): CodeIgniter\CodeIgniter->runController(Object(App\Controllers\ProfileSetting))
 6 SYSTEMPATH\CodeIgniter.php(353): CodeIgniter\CodeIgniter->handleRequest(null, Object(Config\Cache), false)
 7 FCPATH\index.php(79): CodeIgniter\CodeIgniter->run()
 8 SYSTEMPATH\Commands\Server\rewrite.php(47): require_once('C:\\laragon\\www\\ColegioDP\\public\\index.php')
CRITICAL - 2024-03-09 07:40:10 --> Invalid file: "/profiles.php"
in SYSTEMPATH\Exceptions\FrameworkException.php on line 39.
 1 SYSTEMPATH\View\View.php(214): CodeIgniter\Exceptions\FrameworkException::forInvalidFile('/profiles.php')
 2 SYSTEMPATH\Common.php(1188): CodeIgniter\View\View->render('/profiles', [], true)
 3 APPPATH\Controllers\ProfileSetting.php(26): view('/profiles', [...])
 4 SYSTEMPATH\CodeIgniter.php(919): App\Controllers\ProfileSetting->index()
 5 SYSTEMPATH\CodeIgniter.php(494): CodeIgniter\CodeIgniter->runController(Object(App\Controllers\ProfileSetting))
 6 SYSTEMPATH\CodeIgniter.php(353): CodeIgniter\CodeIgniter->handleRequest(null, Object(Config\Cache), false)
 7 FCPATH\index.php(79): CodeIgniter\CodeIgniter->run()
 8 SYSTEMPATH\Commands\Server\rewrite.php(47): require_once('C:\\laragon\\www\\ColegioDP\\public\\index.php')
CRITICAL - 2024-03-09 07:41:02 --> Invalid file: "/profiles.php"
in SYSTEMPATH\Exceptions\FrameworkException.php on line 39.
 1 SYSTEMPATH\View\View.php(214): CodeIgniter\Exceptions\FrameworkException::forInvalidFile('/profiles.php')
 2 SYSTEMPATH\Common.php(1188): CodeIgniter\View\View->render('/profiles', [], true)
 3 APPPATH\Controllers\ProfileSetting.php(26): view('/profiles', [...])
 4 SYSTEMPATH\CodeIgniter.php(919): App\Controllers\ProfileSetting->index()
 5 SYSTEMPATH\CodeIgniter.php(494): CodeIgniter\CodeIgniter->runController(Object(App\Controllers\ProfileSetting))
 6 SYSTEMPATH\CodeIgniter.php(353): CodeIgniter\CodeIgniter->handleRequest(null, Object(Config\Cache), false)
 7 FCPATH\index.php(79): CodeIgniter\CodeIgniter->run()
 8 SYSTEMPATH\Commands\Server\rewrite.php(47): require_once('C:\\laragon\\www\\ColegioDP\\public\\index.php')
CRITICAL - 2024-03-09 07:41:05 --> Undefined variable $users
in APPPATH\Views\profile.php on line 28.
 1 APPPATH\Views\profile.php(28): CodeIgniter\Debug\Exceptions->errorHandler(2, 'Undefined variable $users', 'C:\\laragon\\www\\ColegioDP\\app\\Views\\profile.php', 28)
 2 SYSTEMPATH\View\View.php(226): include('C:\\laragon\\www\\ColegioDP\\app\\Views\\profile.php')
 3 SYSTEMPATH\View\View.php(229): CodeIgniter\View\View->CodeIgniter\View\{closure}()
 4 SYSTEMPATH\Common.php(1188): CodeIgniter\View\View->render('profile', [], true)
 5 APPPATH\Controllers\ProfileSetting.php(41): view('profile')
 6 SYSTEMPATH\CodeIgniter.php(919): App\Controllers\ProfileSetting->profiles()
 7 SYSTEMPATH\CodeIgniter.php(494): CodeIgniter\CodeIgniter->runController(Object(App\Controllers\ProfileSetting))
 8 SYSTEMPATH\CodeIgniter.php(353): CodeIgniter\CodeIgniter->handleRequest(null, Object(Config\Cache), false)
 9 FCPATH\index.php(79): CodeIgniter\CodeIgniter->run()
10 SYSTEMPATH\Commands\Server\rewrite.php(47): require_once('C:\\laragon\\www\\ColegioDP\\public\\index.php')
CRITICAL - 2024-03-09 07:42:58 --> Invalid file: "/profiles.php"
in SYSTEMPATH\Exceptions\FrameworkException.php on line 39.
 1 SYSTEMPATH\View\View.php(214): CodeIgniter\Exceptions\FrameworkException::forInvalidFile('/profiles.php')
 2 SYSTEMPATH\Common.php(1188): CodeIgniter\View\View->render('/profiles', [], true)
 3 APPPATH\Controllers\ProfileSetting.php(26): view('/profiles', [...])
 4 SYSTEMPATH\CodeIgniter.php(919): App\Controllers\ProfileSetting->index()
 5 SYSTEMPATH\CodeIgniter.php(494): CodeIgniter\CodeIgniter->runController(Object(App\Controllers\ProfileSetting))
 6 SYSTEMPATH\CodeIgniter.php(353): CodeIgniter\CodeIgniter->handleRequest(null, Object(Config\Cache), false)
 7 FCPATH\index.php(79): CodeIgniter\CodeIgniter->run()
 8 SYSTEMPATH\Commands\Server\rewrite.php(47): require_once('C:\\laragon\\www\\ColegioDP\\public\\index.php')
CRITICAL - 2024-03-09 07:43:35 --> Invalid file: "/profiles.php"
in SYSTEMPATH\Exceptions\FrameworkException.php on line 39.
 1 SYSTEMPATH\View\View.php(214): CodeIgniter\Exceptions\FrameworkException::forInvalidFile('/profiles.php')
 2 SYSTEMPATH\Common.php(1188): CodeIgniter\View\View->render('/profiles', [], true)
 3 APPPATH\Controllers\ProfileSetting.php(26): view('/profiles', [...])
 4 SYSTEMPATH\CodeIgniter.php(919): App\Controllers\ProfileSetting->index()
 5 SYSTEMPATH\CodeIgniter.php(494): CodeIgniter\CodeIgniter->runController(Object(App\Controllers\ProfileSetting))
 6 SYSTEMPATH\CodeIgniter.php(353): CodeIgniter\CodeIgniter->handleRequest(null, Object(Config\Cache), false)
 7 FCPATH\index.php(79): CodeIgniter\CodeIgniter->run()
 8 SYSTEMPATH\Commands\Server\rewrite.php(47): require_once('C:\\laragon\\www\\ColegioDP\\public\\index.php')
CRITICAL - 2024-03-09 07:43:36 --> Invalid file: "/profiles.php"
in SYSTEMPATH\Exceptions\FrameworkException.php on line 39.
 1 SYSTEMPATH\View\View.php(214): CodeIgniter\Exceptions\FrameworkException::forInvalidFile('/profiles.php')
 2 SYSTEMPATH\Common.php(1188): CodeIgniter\View\View->render('/profiles', [], true)
 3 APPPATH\Controllers\ProfileSetting.php(26): view('/profiles', [...])
 4 SYSTEMPATH\CodeIgniter.php(919): App\Controllers\ProfileSetting->index()
 5 SYSTEMPATH\CodeIgniter.php(494): CodeIgniter\CodeIgniter->runController(Object(App\Controllers\ProfileSetting))
 6 SYSTEMPATH\CodeIgniter.php(353): CodeIgniter\CodeIgniter->handleRequest(null, Object(Config\Cache), false)
 7 FCPATH\index.php(79): CodeIgniter\CodeIgniter->run()
 8 SYSTEMPATH\Commands\Server\rewrite.php(47): require_once('C:\\laragon\\www\\ColegioDP\\public\\index.php')
CRITICAL - 2024-03-09 07:43:38 --> Invalid file: "/profiles.php"
in SYSTEMPATH\Exceptions\FrameworkException.php on line 39.
 1 SYSTEMPATH\View\View.php(214): CodeIgniter\Exceptions\FrameworkException::forInvalidFile('/profiles.php')
 2 SYSTEMPATH\Common.php(1188): CodeIgniter\View\View->render('/profiles', [], true)
 3 APPPATH\Controllers\ProfileSetting.php(26): view('/profiles', [...])
 4 SYSTEMPATH\CodeIgniter.php(919): App\Controllers\ProfileSetting->index()
 5 SYSTEMPATH\CodeIgniter.php(494): CodeIgniter\CodeIgniter->runController(Object(App\Controllers\ProfileSetting))
 6 SYSTEMPATH\CodeIgniter.php(353): CodeIgniter\CodeIgniter->handleRequest(null, Object(Config\Cache), false)
 7 FCPATH\index.php(79): CodeIgniter\CodeIgniter->run()
 8 SYSTEMPATH\Commands\Server\rewrite.php(47): require_once('C:\\laragon\\www\\ColegioDP\\public\\index.php')
CRITICAL - 2024-03-09 07:44:11 --> Invalid file: "/dashboards.php"
in SYSTEMPATH\Exceptions\FrameworkException.php on line 39.
 1 SYSTEMPATH\View\View.php(214): CodeIgniter\Exceptions\FrameworkException::forInvalidFile('/dashboards.php')
 2 SYSTEMPATH\Common.php(1188): CodeIgniter\View\View->render('/dashboards', [], true)
 3 APPPATH\Controllers\Dashboard.php(26): view('/dashboards', [...])
 4 SYSTEMPATH\CodeIgniter.php(919): App\Controllers\Dashboard->index()
 5 SYSTEMPATH\CodeIgniter.php(494): CodeIgniter\CodeIgniter->runController(Object(App\Controllers\Dashboard))
 6 SYSTEMPATH\CodeIgniter.php(353): CodeIgniter\CodeIgniter->handleRequest(null, Object(Config\Cache), false)
 7 FCPATH\index.php(79): CodeIgniter\CodeIgniter->run()
 8 SYSTEMPATH\Commands\Server\rewrite.php(47): require_once('C:\\laragon\\www\\ColegioDP\\public\\index.php')
CRITICAL - 2024-03-09 07:44:15 --> Invalid file: "/dashboards.php"
in SYSTEMPATH\Exceptions\FrameworkException.php on line 39.
 1 SYSTEMPATH\View\View.php(214): CodeIgniter\Exceptions\FrameworkException::forInvalidFile('/dashboards.php')
 2 SYSTEMPATH\Common.php(1188): CodeIgniter\View\View->render('/dashboards', [], true)
 3 APPPATH\Controllers\Dashboard.php(26): view('/dashboards', [...])
 4 SYSTEMPATH\CodeIgniter.php(919): App\Controllers\Dashboard->index()
 5 SYSTEMPATH\CodeIgniter.php(494): CodeIgniter\CodeIgniter->runController(Object(App\Controllers\Dashboard))
 6 SYSTEMPATH\CodeIgniter.php(353): CodeIgniter\CodeIgniter->handleRequest(null, Object(Config\Cache), false)
 7 FCPATH\index.php(79): CodeIgniter\CodeIgniter->run()
 8 SYSTEMPATH\Commands\Server\rewrite.php(47): require_once('C:\\laragon\\www\\ColegioDP\\public\\index.php')
CRITICAL - 2024-03-09 07:44:18 --> Invalid file: "/dashboards.php"
in SYSTEMPATH\Exceptions\FrameworkException.php on line 39.
 1 SYSTEMPATH\View\View.php(214): CodeIgniter\Exceptions\FrameworkException::forInvalidFile('/dashboards.php')
 2 SYSTEMPATH\Common.php(1188): CodeIgniter\View\View->render('/dashboards', [], true)
 3 APPPATH\Controllers\Dashboard.php(26): view('/dashboards', [...])
 4 SYSTEMPATH\CodeIgniter.php(919): App\Controllers\Dashboard->index()
 5 SYSTEMPATH\CodeIgniter.php(494): CodeIgniter\CodeIgniter->runController(Object(App\Controllers\Dashboard))
 6 SYSTEMPATH\CodeIgniter.php(353): CodeIgniter\CodeIgniter->handleRequest(null, Object(Config\Cache), false)
 7 FCPATH\index.php(79): CodeIgniter\CodeIgniter->run()
 8 SYSTEMPATH\Commands\Server\rewrite.php(47): require_once('C:\\laragon\\www\\ColegioDP\\public\\index.php')
CRITICAL - 2024-03-09 07:44:34 --> Invalid file: "/dashboards.php"
in SYSTEMPATH\Exceptions\FrameworkException.php on line 39.
 1 SYSTEMPATH\View\View.php(214): CodeIgniter\Exceptions\FrameworkException::forInvalidFile('/dashboards.php')
 2 SYSTEMPATH\Common.php(1188): CodeIgniter\View\View->render('/dashboards', [], true)
 3 APPPATH\Controllers\Dashboard.php(26): view('/dashboards', [...])
 4 SYSTEMPATH\CodeIgniter.php(919): App\Controllers\Dashboard->index()
 5 SYSTEMPATH\CodeIgniter.php(494): CodeIgniter\CodeIgniter->runController(Object(App\Controllers\Dashboard))
 6 SYSTEMPATH\CodeIgniter.php(353): CodeIgniter\CodeIgniter->handleRequest(null, Object(Config\Cache), false)
 7 FCPATH\index.php(79): CodeIgniter\CodeIgniter->run()
 8 SYSTEMPATH\Commands\Server\rewrite.php(47): require_once('C:\\laragon\\www\\ColegioDP\\public\\index.php')
CRITICAL - 2024-03-09 07:46:21 --> Invalid file: "/profiles.php"
in SYSTEMPATH\Exceptions\FrameworkException.php on line 39.
 1 SYSTEMPATH\View\View.php(214): CodeIgniter\Exceptions\FrameworkException::forInvalidFile('/profiles.php')
 2 SYSTEMPATH\Common.php(1188): CodeIgniter\View\View->render('/profiles', [], true)
 3 APPPATH\Controllers\ProfileSetting.php(26): view('/profiles', [...])
 4 SYSTEMPATH\CodeIgniter.php(919): App\Controllers\ProfileSetting->index()
 5 SYSTEMPATH\CodeIgniter.php(494): CodeIgniter\CodeIgniter->runController(Object(App\Controllers\ProfileSetting))
 6 SYSTEMPATH\CodeIgniter.php(353): CodeIgniter\CodeIgniter->handleRequest(null, Object(Config\Cache), false)
 7 FCPATH\index.php(79): CodeIgniter\CodeIgniter->run()
 8 SYSTEMPATH\Commands\Server\rewrite.php(47): require_once('C:\\laragon\\www\\ColegioDP\\public\\index.php')
CRITICAL - 2024-03-09 07:46:25 --> Invalid file: "/profiles.php"
in SYSTEMPATH\Exceptions\FrameworkException.php on line 39.
 1 SYSTEMPATH\View\View.php(214): CodeIgniter\Exceptions\FrameworkException::forInvalidFile('/profiles.php')
 2 SYSTEMPATH\Common.php(1188): CodeIgniter\View\View->render('/profiles', [], true)
 3 APPPATH\Controllers\ProfileSetting.php(26): view('/profiles', [...])
 4 SYSTEMPATH\CodeIgniter.php(919): App\Controllers\ProfileSetting->index()
 5 SYSTEMPATH\CodeIgniter.php(494): CodeIgniter\CodeIgniter->runController(Object(App\Controllers\ProfileSetting))
 6 SYSTEMPATH\CodeIgniter.php(353): CodeIgniter\CodeIgniter->handleRequest(null, Object(Config\Cache), false)
 7 FCPATH\index.php(79): CodeIgniter\CodeIgniter->run()
 8 SYSTEMPATH\Commands\Server\rewrite.php(47): require_once('C:\\laragon\\www\\ColegioDP\\public\\index.php')
CRITICAL - 2024-03-09 07:46:26 --> Invalid file: "/profiles.php"
in SYSTEMPATH\Exceptions\FrameworkException.php on line 39.
 1 SYSTEMPATH\View\View.php(214): CodeIgniter\Exceptions\FrameworkException::forInvalidFile('/profiles.php')
 2 SYSTEMPATH\Common.php(1188): CodeIgniter\View\View->render('/profiles', [], true)
 3 APPPATH\Controllers\ProfileSetting.php(26): view('/profiles', [...])
 4 SYSTEMPATH\CodeIgniter.php(919): App\Controllers\ProfileSetting->index()
 5 SYSTEMPATH\CodeIgniter.php(494): CodeIgniter\CodeIgniter->runController(Object(App\Controllers\ProfileSetting))
 6 SYSTEMPATH\CodeIgniter.php(353): CodeIgniter\CodeIgniter->handleRequest(null, Object(Config\Cache), false)
 7 FCPATH\index.php(79): CodeIgniter\CodeIgniter->run()
 8 SYSTEMPATH\Commands\Server\rewrite.php(47): require_once('C:\\laragon\\www\\ColegioDP\\public\\index.php')
CRITICAL - 2024-03-09 07:46:30 --> Invalid file: "/profiles.php"
in SYSTEMPATH\Exceptions\FrameworkException.php on line 39.
 1 SYSTEMPATH\View\View.php(214): CodeIgniter\Exceptions\FrameworkException::forInvalidFile('/profiles.php')
 2 SYSTEMPATH\Common.php(1188): CodeIgniter\View\View->render('/profiles', [], true)
 3 APPPATH\Controllers\ProfileSetting.php(26): view('/profiles', [...])
 4 SYSTEMPATH\CodeIgniter.php(919): App\Controllers\ProfileSetting->index()
 5 SYSTEMPATH\CodeIgniter.php(494): CodeIgniter\CodeIgniter->runController(Object(App\Controllers\ProfileSetting))
 6 SYSTEMPATH\CodeIgniter.php(353): CodeIgniter\CodeIgniter->handleRequest(null, Object(Config\Cache), false)
 7 FCPATH\index.php(79): CodeIgniter\CodeIgniter->run()
 8 SYSTEMPATH\Commands\Server\rewrite.php(47): require_once('C:\\laragon\\www\\ColegioDP\\public\\index.php')
CRITICAL - 2024-03-09 07:49:13 --> Invalid file: "/profiles.php"
in SYSTEMPATH\Exceptions\FrameworkException.php on line 39.
 1 SYSTEMPATH\View\View.php(214): CodeIgniter\Exceptions\FrameworkException::forInvalidFile('/profiles.php')
 2 SYSTEMPATH\Common.php(1188): CodeIgniter\View\View->render('/profiles', [], true)
 3 APPPATH\Controllers\ProfileSetting.php(26): view('/profiles', [...])
 4 SYSTEMPATH\CodeIgniter.php(919): App\Controllers\ProfileSetting->index()
 5 SYSTEMPATH\CodeIgniter.php(494): CodeIgniter\CodeIgniter->runController(Object(App\Controllers\ProfileSetting))
 6 SYSTEMPATH\CodeIgniter.php(353): CodeIgniter\CodeIgniter->handleRequest(null, Object(Config\Cache), false)
 7 FCPATH\index.php(79): CodeIgniter\CodeIgniter->run()
 8 SYSTEMPATH\Commands\Server\rewrite.php(47): require_once('C:\\laragon\\www\\ColegioDP\\public\\index.php')
CRITICAL - 2024-03-09 07:49:16 --> Invalid file: "/profiles.php"
in SYSTEMPATH\Exceptions\FrameworkException.php on line 39.
 1 SYSTEMPATH\View\View.php(214): CodeIgniter\Exceptions\FrameworkException::forInvalidFile('/profiles.php')
 2 SYSTEMPATH\Common.php(1188): CodeIgniter\View\View->render('/profiles', [], true)
 3 APPPATH\Controllers\ProfileSetting.php(26): view('/profiles', [...])
 4 SYSTEMPATH\CodeIgniter.php(919): App\Controllers\ProfileSetting->index()
 5 SYSTEMPATH\CodeIgniter.php(494): CodeIgniter\CodeIgniter->runController(Object(App\Controllers\ProfileSetting))
 6 SYSTEMPATH\CodeIgniter.php(353): CodeIgniter\CodeIgniter->handleRequest(null, Object(Config\Cache), false)
 7 FCPATH\index.php(79): CodeIgniter\CodeIgniter->run()
 8 SYSTEMPATH\Commands\Server\rewrite.php(47): require_once('C:\\laragon\\www\\ColegioDP\\public\\index.php')
CRITICAL - 2024-03-09 07:50:23 --> Undefined variable $users
in APPPATH\Views\profile.php on line 28.
 1 APPPATH\Views\profile.php(28): CodeIgniter\Debug\Exceptions->errorHandler(2, 'Undefined variable $users', 'C:\\laragon\\www\\ColegioDP\\app\\Views\\profile.php', 28)
 2 SYSTEMPATH\View\View.php(226): include('C:\\laragon\\www\\ColegioDP\\app\\Views\\profile.php')
 3 SYSTEMPATH\View\View.php(229): CodeIgniter\View\View->CodeIgniter\View\{closure}()
 4 SYSTEMPATH\Common.php(1188): CodeIgniter\View\View->render('profile', [], true)
 5 APPPATH\Controllers\ProfileSetting.php(41): view('profile')
 6 SYSTEMPATH\CodeIgniter.php(919): App\Controllers\ProfileSetting->profiles()
 7 SYSTEMPATH\CodeIgniter.php(494): CodeIgniter\CodeIgniter->runController(Object(App\Controllers\ProfileSetting))
 8 SYSTEMPATH\CodeIgniter.php(353): CodeIgniter\CodeIgniter->handleRequest(null, Object(Config\Cache), false)
 9 FCPATH\index.php(79): CodeIgniter\CodeIgniter->run()
10 SYSTEMPATH\Commands\Server\rewrite.php(47): require_once('C:\\laragon\\www\\ColegioDP\\public\\index.php')
CRITICAL - 2024-03-09 07:50:39 --> Invalid file: "profile.php"
in SYSTEMPATH\Exceptions\FrameworkException.php on line 39.
 1 SYSTEMPATH\View\View.php(214): CodeIgniter\Exceptions\FrameworkException::forInvalidFile('profile.php')
 2 SYSTEMPATH\Common.php(1188): CodeIgniter\View\View->render('profile', [], true)
 3 APPPATH\Controllers\ProfileSetting.php(41): view('profile')
 4 SYSTEMPATH\CodeIgniter.php(919): App\Controllers\ProfileSetting->profiles()
 5 SYSTEMPATH\CodeIgniter.php(494): CodeIgniter\CodeIgniter->runController(Object(App\Controllers\ProfileSetting))
 6 SYSTEMPATH\CodeIgniter.php(353): CodeIgniter\CodeIgniter->handleRequest(null, Object(Config\Cache), false)
 7 FCPATH\index.php(79): CodeIgniter\CodeIgniter->run()
 8 SYSTEMPATH\Commands\Server\rewrite.php(47): require_once('C:\\laragon\\www\\ColegioDP\\public\\index.php')
CRITICAL - 2024-03-09 07:50:40 --> Invalid file: "profile.php"
in SYSTEMPATH\Exceptions\FrameworkException.php on line 39.
 1 SYSTEMPATH\View\View.php(214): CodeIgniter\Exceptions\FrameworkException::forInvalidFile('profile.php')
 2 SYSTEMPATH\Common.php(1188): CodeIgniter\View\View->render('profile', [], true)
 3 APPPATH\Controllers\ProfileSetting.php(41): view('profile')
 4 SYSTEMPATH\CodeIgniter.php(919): App\Controllers\ProfileSetting->profiles()
 5 SYSTEMPATH\CodeIgniter.php(494): CodeIgniter\CodeIgniter->runController(Object(App\Controllers\ProfileSetting))
 6 SYSTEMPATH\CodeIgniter.php(353): CodeIgniter\CodeIgniter->handleRequest(null, Object(Config\Cache), false)
 7 FCPATH\index.php(79): CodeIgniter\CodeIgniter->run()
 8 SYSTEMPATH\Commands\Server\rewrite.php(47): require_once('C:\\laragon\\www\\ColegioDP\\public\\index.php')
CRITICAL - 2024-03-09 07:50:45 --> Invalid file: "profile.php"
in SYSTEMPATH\Exceptions\FrameworkException.php on line 39.
 1 SYSTEMPATH\View\View.php(214): CodeIgniter\Exceptions\FrameworkException::forInvalidFile('profile.php')
 2 SYSTEMPATH\Common.php(1188): CodeIgniter\View\View->render('profile', [], true)
 3 APPPATH\Controllers\ProfileSetting.php(41): view('profile')
 4 SYSTEMPATH\CodeIgniter.php(919): App\Controllers\ProfileSetting->profiles()
 5 SYSTEMPATH\CodeIgniter.php(494): CodeIgniter\CodeIgniter->runController(Object(App\Controllers\ProfileSetting))
 6 SYSTEMPATH\CodeIgniter.php(353): CodeIgniter\CodeIgniter->handleRequest(null, Object(Config\Cache), false)
 7 FCPATH\index.php(79): CodeIgniter\CodeIgniter->run()
 8 SYSTEMPATH\Commands\Server\rewrite.php(47): require_once('C:\\laragon\\www\\ColegioDP\\public\\index.php')
CRITICAL - 2024-03-09 07:51:16 --> Invalid file: "/profiles.php"
in SYSTEMPATH\Exceptions\FrameworkException.php on line 39.
 1 SYSTEMPATH\View\View.php(214): CodeIgniter\Exceptions\FrameworkException::forInvalidFile('/profiles.php')
 2 SYSTEMPATH\Common.php(1188): CodeIgniter\View\View->render('/profiles', [], true)
 3 APPPATH\Controllers\ProfileSetting.php(26): view('/profiles', [...])
 4 SYSTEMPATH\CodeIgniter.php(919): App\Controllers\ProfileSetting->index()
 5 SYSTEMPATH\CodeIgniter.php(494): CodeIgniter\CodeIgniter->runController(Object(App\Controllers\ProfileSetting))
 6 SYSTEMPATH\CodeIgniter.php(353): CodeIgniter\CodeIgniter->handleRequest(null, Object(Config\Cache), false)
 7 FCPATH\index.php(79): CodeIgniter\CodeIgniter->run()
 8 SYSTEMPATH\Commands\Server\rewrite.php(47): require_once('C:\\laragon\\www\\ColegioDP\\public\\index.php')
CRITICAL - 2024-03-09 07:51:17 --> Invalid file: "/profiles.php"
in SYSTEMPATH\Exceptions\FrameworkException.php on line 39.
 1 SYSTEMPATH\View\View.php(214): CodeIgniter\Exceptions\FrameworkException::forInvalidFile('/profiles.php')
 2 SYSTEMPATH\Common.php(1188): CodeIgniter\View\View->render('/profiles', [], true)
 3 APPPATH\Controllers\ProfileSetting.php(26): view('/profiles', [...])
 4 SYSTEMPATH\CodeIgniter.php(919): App\Controllers\ProfileSetting->index()
 5 SYSTEMPATH\CodeIgniter.php(494): CodeIgniter\CodeIgniter->runController(Object(App\Controllers\ProfileSetting))
 6 SYSTEMPATH\CodeIgniter.php(353): CodeIgniter\CodeIgniter->handleRequest(null, Object(Config\Cache), false)
 7 FCPATH\index.php(79): CodeIgniter\CodeIgniter->run()
 8 SYSTEMPATH\Commands\Server\rewrite.php(47): require_once('C:\\laragon\\www\\ColegioDP\\public\\index.php')
CRITICAL - 2024-03-09 07:51:20 --> Invalid file: "/profiles.php"
in SYSTEMPATH\Exceptions\FrameworkException.php on line 39.
 1 SYSTEMPATH\View\View.php(214): CodeIgniter\Exceptions\FrameworkException::forInvalidFile('/profiles.php')
 2 SYSTEMPATH\Common.php(1188): CodeIgniter\View\View->render('/profiles', [], true)
 3 APPPATH\Controllers\ProfileSetting.php(26): view('/profiles', [...])
 4 SYSTEMPATH\CodeIgniter.php(919): App\Controllers\ProfileSetting->index()
 5 SYSTEMPATH\CodeIgniter.php(494): CodeIgniter\CodeIgniter->runController(Object(App\Controllers\ProfileSetting))
 6 SYSTEMPATH\CodeIgniter.php(353): CodeIgniter\CodeIgniter->handleRequest(null, Object(Config\Cache), false)
 7 FCPATH\index.php(79): CodeIgniter\CodeIgniter->run()
 8 SYSTEMPATH\Commands\Server\rewrite.php(47): require_once('C:\\laragon\\www\\ColegioDP\\public\\index.php')
ERROR - 2024-03-09 08:35:28 --> mysqli_sql_exception: Column 'username' cannot be null in C:\laragon\www\ColegioDP\system\Database\MySQLi\Connection.php:306
Stack trace:
#0 C:\laragon\www\ColegioDP\system\Database\MySQLi\Connection.php(306): mysqli->query('INSERT INTO `us...', 0)
#1 C:\laragon\www\ColegioDP\system\Database\BaseConnection.php(692): CodeIgniter\Database\MySQLi\Connection->execute('INSERT INTO `us...')
#2 C:\laragon\www\ColegioDP\system\Database\BaseConnection.php(606): CodeIgniter\Database\BaseConnection->simpleQuery('INSERT INTO `us...')
#3 C:\laragon\www\ColegioDP\system\Database\BaseBuilder.php(2308): CodeIgniter\Database\BaseConnection->query('INSERT INTO `us...', Array, false)
#4 C:\laragon\www\ColegioDP\system\Model.php(319): CodeIgniter\Database\BaseBuilder->insert()
#5 C:\laragon\www\ColegioDP\system\BaseModel.php(788): CodeIgniter\Model->doInsert(Array)
#6 C:\laragon\www\ColegioDP\system\Model.php(715): CodeIgniter\BaseModel->insert(Array, true)
#7 C:\laragon\www\ColegioDP\app\Controllers\AuthController.php(26): CodeIgniter\Model->insert(Array)
#8 C:\laragon\www\ColegioDP\system\CodeIgniter.php(919): App\Controllers\AuthController->register()
#9 C:\laragon\www\ColegioDP\system\CodeIgniter.php(494): CodeIgniter\CodeIgniter->runController(Object(App\Controllers\AuthController))
#10 C:\laragon\www\ColegioDP\system\CodeIgniter.php(353): CodeIgniter\CodeIgniter->handleRequest(NULL, Object(Config\Cache), false)
#11 C:\laragon\www\ColegioDP\public\index.php(79): CodeIgniter\CodeIgniter->run()
#12 C:\laragon\www\ColegioDP\system\Commands\Server\rewrite.php(47): require_once('C:\\laragon\\www\\...')
#13 {main}
ERROR - 2024-03-09 08:37:51 --> mysqli_sql_exception: Column 'username' cannot be null in C:\laragon\www\ColegioDP\system\Database\MySQLi\Connection.php:306
Stack trace:
#0 C:\laragon\www\ColegioDP\system\Database\MySQLi\Connection.php(306): mysqli->query('INSERT INTO `us...', 0)
#1 C:\laragon\www\ColegioDP\system\Database\BaseConnection.php(692): CodeIgniter\Database\MySQLi\Connection->execute('INSERT INTO `us...')
#2 C:\laragon\www\ColegioDP\system\Database\BaseConnection.php(606): CodeIgniter\Database\BaseConnection->simpleQuery('INSERT INTO `us...')
#3 C:\laragon\www\ColegioDP\system\Database\BaseBuilder.php(2308): CodeIgniter\Database\BaseConnection->query('INSERT INTO `us...', Array, false)
#4 C:\laragon\www\ColegioDP\system\Model.php(319): CodeIgniter\Database\BaseBuilder->insert()
#5 C:\laragon\www\ColegioDP\system\BaseModel.php(788): CodeIgniter\Model->doInsert(Array)
#6 C:\laragon\www\ColegioDP\system\Model.php(715): CodeIgniter\BaseModel->insert(Array, true)
#7 C:\laragon\www\ColegioDP\app\Controllers\AuthController.php(26): CodeIgniter\Model->insert(Array)
#8 C:\laragon\www\ColegioDP\system\CodeIgniter.php(919): App\Controllers\AuthController->register()
#9 C:\laragon\www\ColegioDP\system\CodeIgniter.php(494): CodeIgniter\CodeIgniter->runController(Object(App\Controllers\AuthController))
#10 C:\laragon\www\ColegioDP\system\CodeIgniter.php(353): CodeIgniter\CodeIgniter->handleRequest(NULL, Object(Config\Cache), false)
#11 C:\laragon\www\ColegioDP\public\index.php(79): CodeIgniter\CodeIgniter->run()
#12 C:\laragon\www\ColegioDP\system\Commands\Server\rewrite.php(47): require_once('C:\\laragon\\www\\...')
#13 {main}
ERROR - 2024-03-09 08:39:01 --> mysqli_sql_exception: Column 'username' cannot be null in C:\laragon\www\ColegioDP\system\Database\MySQLi\Connection.php:306
Stack trace:
#0 C:\laragon\www\ColegioDP\system\Database\MySQLi\Connection.php(306): mysqli->query('INSERT INTO `us...', 0)
#1 C:\laragon\www\ColegioDP\system\Database\BaseConnection.php(692): CodeIgniter\Database\MySQLi\Connection->execute('INSERT INTO `us...')
#2 C:\laragon\www\ColegioDP\system\Database\BaseConnection.php(606): CodeIgniter\Database\BaseConnection->simpleQuery('INSERT INTO `us...')
#3 C:\laragon\www\ColegioDP\system\Database\BaseBuilder.php(2308): CodeIgniter\Database\BaseConnection->query('INSERT INTO `us...', Array, false)
#4 C:\laragon\www\ColegioDP\system\Model.php(319): CodeIgniter\Database\BaseBuilder->insert()
#5 C:\laragon\www\ColegioDP\system\BaseModel.php(788): CodeIgniter\Model->doInsert(Array)
#6 C:\laragon\www\ColegioDP\system\Model.php(715): CodeIgniter\BaseModel->insert(Array, true)
#7 C:\laragon\www\ColegioDP\app\Controllers\AuthController.php(26): CodeIgniter\Model->insert(Array)
#8 C:\laragon\www\ColegioDP\system\CodeIgniter.php(919): App\Controllers\AuthController->register()
#9 C:\laragon\www\ColegioDP\system\CodeIgniter.php(494): CodeIgniter\CodeIgniter->runController(Object(App\Controllers\AuthController))
#10 C:\laragon\www\ColegioDP\system\CodeIgniter.php(353): CodeIgniter\CodeIgniter->handleRequest(NULL, Object(Config\Cache), false)
#11 C:\laragon\www\ColegioDP\public\index.php(79): CodeIgniter\CodeIgniter->run()
#12 C:\laragon\www\ColegioDP\system\Commands\Server\rewrite.php(47): require_once('C:\\laragon\\www\\...')
#13 {main}
ERROR - 2024-03-09 08:40:21 --> mysqli_sql_exception: Column 'username' cannot be null in C:\laragon\www\ColegioDP\system\Database\MySQLi\Connection.php:306
Stack trace:
#0 C:\laragon\www\ColegioDP\system\Database\MySQLi\Connection.php(306): mysqli->query('INSERT INTO `us...', 0)
#1 C:\laragon\www\ColegioDP\system\Database\BaseConnection.php(692): CodeIgniter\Database\MySQLi\Connection->execute('INSERT INTO `us...')
#2 C:\laragon\www\ColegioDP\system\Database\BaseConnection.php(606): CodeIgniter\Database\BaseConnection->simpleQuery('INSERT INTO `us...')
#3 C:\laragon\www\ColegioDP\system\Database\BaseBuilder.php(2308): CodeIgniter\Database\BaseConnection->query('INSERT INTO `us...', Array, false)
#4 C:\laragon\www\ColegioDP\system\Model.php(319): CodeIgniter\Database\BaseBuilder->insert()
#5 C:\laragon\www\ColegioDP\system\BaseModel.php(788): CodeIgniter\Model->doInsert(Array)
#6 C:\laragon\www\ColegioDP\system\Model.php(715): CodeIgniter\BaseModel->insert(Array, true)
#7 C:\laragon\www\ColegioDP\app\Controllers\AuthController.php(26): CodeIgniter\Model->insert(Array)
#8 C:\laragon\www\ColegioDP\system\CodeIgniter.php(919): App\Controllers\AuthController->register()
#9 C:\laragon\www\ColegioDP\system\CodeIgniter.php(494): CodeIgniter\CodeIgniter->runController(Object(App\Controllers\AuthController))
#10 C:\laragon\www\ColegioDP\system\CodeIgniter.php(353): CodeIgniter\CodeIgniter->handleRequest(NULL, Object(Config\Cache), false)
#11 C:\laragon\www\ColegioDP\public\index.php(79): CodeIgniter\CodeIgniter->run()
#12 C:\laragon\www\ColegioDP\system\Commands\Server\rewrite.php(47): require_once('C:\\laragon\\www\\...')
#13 {main}
ERROR - 2024-03-09 08:41:21 --> mysqli_sql_exception: Column 'username' cannot be null in C:\laragon\www\ColegioDP\system\Database\MySQLi\Connection.php:306
Stack trace:
#0 C:\laragon\www\ColegioDP\system\Database\MySQLi\Connection.php(306): mysqli->query('INSERT INTO `us...', 0)
#1 C:\laragon\www\ColegioDP\system\Database\BaseConnection.php(692): CodeIgniter\Database\MySQLi\Connection->execute('INSERT INTO `us...')
#2 C:\laragon\www\ColegioDP\system\Database\BaseConnection.php(606): CodeIgniter\Database\BaseConnection->simpleQuery('INSERT INTO `us...')
#3 C:\laragon\www\ColegioDP\system\Database\BaseBuilder.php(2308): CodeIgniter\Database\BaseConnection->query('INSERT INTO `us...', Array, false)
#4 C:\laragon\www\ColegioDP\system\Model.php(319): CodeIgniter\Database\BaseBuilder->insert()
#5 C:\laragon\www\ColegioDP\system\BaseModel.php(788): CodeIgniter\Model->doInsert(Array)
#6 C:\laragon\www\ColegioDP\system\Model.php(715): CodeIgniter\BaseModel->insert(Array, true)
#7 C:\laragon\www\ColegioDP\app\Controllers\AuthController.php(26): CodeIgniter\Model->insert(Array)
#8 C:\laragon\www\ColegioDP\system\CodeIgniter.php(919): App\Controllers\AuthController->register()
#9 C:\laragon\www\ColegioDP\system\CodeIgniter.php(494): CodeIgniter\CodeIgniter->runController(Object(App\Controllers\AuthController))
#10 C:\laragon\www\ColegioDP\system\CodeIgniter.php(353): CodeIgniter\CodeIgniter->handleRequest(NULL, Object(Config\Cache), false)
#11 C:\laragon\www\ColegioDP\public\index.php(79): CodeIgniter\CodeIgniter->run()
#12 C:\laragon\www\ColegioDP\system\Commands\Server\rewrite.php(47): require_once('C:\\laragon\\www\\...')
#13 {main}
CRITICAL - 2024-03-09 08:42:50 --> Class "App\Models\ExamsModel" not found
in APPPATH\Controllers\Home.php on line 15.
 1 SYSTEMPATH\CodeIgniter.php(891): App\Controllers\Home->__construct()
 2 SYSTEMPATH\CodeIgniter.php(485): CodeIgniter\CodeIgniter->createController()
 3 SYSTEMPATH\CodeIgniter.php(353): CodeIgniter\CodeIgniter->handleRequest(null, Object(Config\Cache), false)
 4 FCPATH\index.php(79): CodeIgniter\CodeIgniter->run()
 5 SYSTEMPATH\Commands\Server\rewrite.php(47): require_once('C:\\laragon\\www\\ColegioDP\\public\\index.php')
ERROR - 2024-03-09 08:43:10 --> mysqli_sql_exception: Column 'username' cannot be null in C:\laragon\www\ColegioDP\system\Database\MySQLi\Connection.php:306
Stack trace:
#0 C:\laragon\www\ColegioDP\system\Database\MySQLi\Connection.php(306): mysqli->query('INSERT INTO `us...', 0)
#1 C:\laragon\www\ColegioDP\system\Database\BaseConnection.php(692): CodeIgniter\Database\MySQLi\Connection->execute('INSERT INTO `us...')
#2 C:\laragon\www\ColegioDP\system\Database\BaseConnection.php(606): CodeIgniter\Database\BaseConnection->simpleQuery('INSERT INTO `us...')
#3 C:\laragon\www\ColegioDP\system\Database\BaseBuilder.php(2308): CodeIgniter\Database\BaseConnection->query('INSERT INTO `us...', Array, false)
#4 C:\laragon\www\ColegioDP\system\Model.php(319): CodeIgniter\Database\BaseBuilder->insert()
#5 C:\laragon\www\ColegioDP\system\BaseModel.php(788): CodeIgniter\Model->doInsert(Array)
#6 C:\laragon\www\ColegioDP\system\Model.php(715): CodeIgniter\BaseModel->insert(Array, true)
#7 C:\laragon\www\ColegioDP\app\Controllers\AuthController.php(26): CodeIgniter\Model->insert(Array)
#8 C:\laragon\www\ColegioDP\system\CodeIgniter.php(919): App\Controllers\AuthController->register()
#9 C:\laragon\www\ColegioDP\system\CodeIgniter.php(494): CodeIgniter\CodeIgniter->runController(Object(App\Controllers\AuthController))
#10 C:\laragon\www\ColegioDP\system\CodeIgniter.php(353): CodeIgniter\CodeIgniter->handleRequest(NULL, Object(Config\Cache), false)
#11 C:\laragon\www\ColegioDP\public\index.php(79): CodeIgniter\CodeIgniter->run()
#12 C:\laragon\www\ColegioDP\system\Commands\Server\rewrite.php(47): require_once('C:\\laragon\\www\\...')
#13 {main}
ERROR - 2024-03-09 08:43:10 --> mysqli_sql_exception: Column 'username' cannot be null in C:\laragon\www\ColegioDP\system\Database\MySQLi\Connection.php:306
Stack trace:
#0 C:\laragon\www\ColegioDP\system\Database\MySQLi\Connection.php(306): mysqli->query('INSERT INTO `us...', 0)
#1 C:\laragon\www\ColegioDP\system\Database\BaseConnection.php(692): CodeIgniter\Database\MySQLi\Connection->execute('INSERT INTO `us...')
#2 C:\laragon\www\ColegioDP\system\Database\BaseConnection.php(606): CodeIgniter\Database\BaseConnection->simpleQuery('INSERT INTO `us...')
#3 C:\laragon\www\ColegioDP\system\Database\BaseBuilder.php(2308): CodeIgniter\Database\BaseConnection->query('INSERT INTO `us...', Array, false)
#4 C:\laragon\www\ColegioDP\system\Model.php(319): CodeIgniter\Database\BaseBuilder->insert()
#5 C:\laragon\www\ColegioDP\system\BaseModel.php(788): CodeIgniter\Model->doInsert(Array)
#6 C:\laragon\www\ColegioDP\system\Model.php(715): CodeIgniter\BaseModel->insert(Array, true)
#7 C:\laragon\www\ColegioDP\app\Controllers\AuthController.php(26): CodeIgniter\Model->insert(Array)
#8 C:\laragon\www\ColegioDP\system\CodeIgniter.php(919): App\Controllers\AuthController->register()
#9 C:\laragon\www\ColegioDP\system\CodeIgniter.php(494): CodeIgniter\CodeIgniter->runController(Object(App\Controllers\AuthController))
#10 C:\laragon\www\ColegioDP\system\CodeIgniter.php(353): CodeIgniter\CodeIgniter->handleRequest(NULL, Object(Config\Cache), false)
#11 C:\laragon\www\ColegioDP\public\index.php(79): CodeIgniter\CodeIgniter->run()
#12 C:\laragon\www\ColegioDP\system\Commands\Server\rewrite.php(47): require_once('C:\\laragon\\www\\...')
#13 {main}
CRITICAL - 2024-03-09 08:50:09 --> Invalid file: "/dashboards.php"
in SYSTEMPATH\Exceptions\FrameworkException.php on line 39.
 1 SYSTEMPATH\View\View.php(214): CodeIgniter\Exceptions\FrameworkException::forInvalidFile('/dashboards.php')
 2 SYSTEMPATH\Common.php(1188): CodeIgniter\View\View->render('/dashboards', [], true)
 3 APPPATH\Controllers\Dashboard.php(26): view('/dashboards', [...])
 4 SYSTEMPATH\CodeIgniter.php(919): App\Controllers\Dashboard->index()
 5 SYSTEMPATH\CodeIgniter.php(494): CodeIgniter\CodeIgniter->runController(Object(App\Controllers\Dashboard))
 6 SYSTEMPATH\CodeIgniter.php(353): CodeIgniter\CodeIgniter->handleRequest(null, Object(Config\Cache), false)
 7 FCPATH\index.php(79): CodeIgniter\CodeIgniter->run()
 8 SYSTEMPATH\Commands\Server\rewrite.php(47): require_once('C:\\laragon\\www\\ColegioDP\\public\\index.php')
CRITICAL - 2024-03-09 11:54:28 --> Invalid file: "/dashboards.php"
in SYSTEMPATH\Exceptions\FrameworkException.php on line 39.
 1 SYSTEMPATH\View\View.php(214): CodeIgniter\Exceptions\FrameworkException::forInvalidFile('/dashboards.php')
 2 SYSTEMPATH\Common.php(1188): CodeIgniter\View\View->render('/dashboards', [], true)
 3 APPPATH\Controllers\Dashboard.php(26): view('/dashboards', [...])
 4 SYSTEMPATH\CodeIgniter.php(919): App\Controllers\Dashboard->index()
 5 SYSTEMPATH\CodeIgniter.php(494): CodeIgniter\CodeIgniter->runController(Object(App\Controllers\Dashboard))
 6 SYSTEMPATH\CodeIgniter.php(353): CodeIgniter\CodeIgniter->handleRequest(null, Object(Config\Cache), false)
 7 FCPATH\index.php(79): CodeIgniter\CodeIgniter->run()
 8 SYSTEMPATH\Commands\Server\rewrite.php(47): require_once('C:\\laragon\\www\\ColegioDP\\public\\index.php')
CRITICAL - 2024-03-09 15:31:19 --> Invalid file: "error.php"
in SYSTEMPATH\Exceptions\FrameworkException.php on line 39.
 1 SYSTEMPATH\View\View.php(214): CodeIgniter\Exceptions\FrameworkException::forInvalidFile('error.php')
 2 SYSTEMPATH\Common.php(1188): CodeIgniter\View\View->render('error', [], true)
 3 APPPATH\Controllers\Dashboard.php(34): view('error', [...])
 4 SYSTEMPATH\CodeIgniter.php(919): App\Controllers\Dashboard->index()
 5 SYSTEMPATH\CodeIgniter.php(494): CodeIgniter\CodeIgniter->runController(Object(App\Controllers\Dashboard))
 6 SYSTEMPATH\CodeIgniter.php(353): CodeIgniter\CodeIgniter->handleRequest(null, Object(Config\Cache), false)
 7 FCPATH\index.php(79): CodeIgniter\CodeIgniter->run()
 8 SYSTEMPATH\Commands\Server\rewrite.php(47): require_once('C:\\laragon\\www\\ColegioDP\\public\\index.php')
CRITICAL - 2024-03-09 15:34:18 --> Invalid file: "error.php"
in SYSTEMPATH\Exceptions\FrameworkException.php on line 39.
 1 SYSTEMPATH\View\View.php(214): CodeIgniter\Exceptions\FrameworkException::forInvalidFile('error.php')
 2 SYSTEMPATH\Common.php(1188): CodeIgniter\View\View->render('error', [], true)
 3 APPPATH\Controllers\ProfileSetting.php(34): view('error', [...])
 4 SYSTEMPATH\CodeIgniter.php(919): App\Controllers\ProfileSetting->index()
 5 SYSTEMPATH\CodeIgniter.php(494): CodeIgniter\CodeIgniter->runController(Object(App\Controllers\ProfileSetting))
 6 SYSTEMPATH\CodeIgniter.php(353): CodeIgniter\CodeIgniter->handleRequest(null, Object(Config\Cache), false)
 7 FCPATH\index.php(79): CodeIgniter\CodeIgniter->run()
 8 SYSTEMPATH\Commands\Server\rewrite.php(47): require_once('C:\\laragon\\www\\ColegioDP\\public\\index.php')
CRITICAL - 2024-03-09 15:34:27 --> Invalid file: "error.php"
in SYSTEMPATH\Exceptions\FrameworkException.php on line 39.
 1 SYSTEMPATH\View\View.php(214): CodeIgniter\Exceptions\FrameworkException::forInvalidFile('error.php')
 2 SYSTEMPATH\Common.php(1188): CodeIgniter\View\View->render('error', [], true)
 3 APPPATH\Controllers\ProfileSetting.php(34): view('error', [...])
 4 SYSTEMPATH\CodeIgniter.php(919): App\Controllers\ProfileSetting->index()
 5 SYSTEMPATH\CodeIgniter.php(494): CodeIgniter\CodeIgniter->runController(Object(App\Controllers\ProfileSetting))
 6 SYSTEMPATH\CodeIgniter.php(353): CodeIgniter\CodeIgniter->handleRequest(null, Object(Config\Cache), false)
 7 FCPATH\index.php(79): CodeIgniter\CodeIgniter->run()
 8 SYSTEMPATH\Commands\Server\rewrite.php(47): require_once('C:\\laragon\\www\\ColegioDP\\public\\index.php')
CRITICAL - 2024-03-09 15:34:43 --> Invalid file: "error.php"
in SYSTEMPATH\Exceptions\FrameworkException.php on line 39.
 1 SYSTEMPATH\View\View.php(214): CodeIgniter\Exceptions\FrameworkException::forInvalidFile('error.php')
 2 SYSTEMPATH\Common.php(1188): CodeIgniter\View\View->render('error', [], true)
 3 APPPATH\Controllers\ProfileSetting.php(34): view('error', [...])
 4 SYSTEMPATH\CodeIgniter.php(919): App\Controllers\ProfileSetting->index()
 5 SYSTEMPATH\CodeIgniter.php(494): CodeIgniter\CodeIgniter->runController(Object(App\Controllers\ProfileSetting))
 6 SYSTEMPATH\CodeIgniter.php(353): CodeIgniter\CodeIgniter->handleRequest(null, Object(Config\Cache), false)
 7 FCPATH\index.php(79): CodeIgniter\CodeIgniter->run()
 8 SYSTEMPATH\Commands\Server\rewrite.php(47): require_once('C:\\laragon\\www\\ColegioDP\\public\\index.php')
CRITICAL - 2024-03-09 15:34:44 --> Invalid file: "error.php"
in SYSTEMPATH\Exceptions\FrameworkException.php on line 39.
 1 SYSTEMPATH\View\View.php(214): CodeIgniter\Exceptions\FrameworkException::forInvalidFile('error.php')
 2 SYSTEMPATH\Common.php(1188): CodeIgniter\View\View->render('error', [], true)
 3 APPPATH\Controllers\ProfileSetting.php(34): view('error', [...])
 4 SYSTEMPATH\CodeIgniter.php(919): App\Controllers\ProfileSetting->index()
 5 SYSTEMPATH\CodeIgniter.php(494): CodeIgniter\CodeIgniter->runController(Object(App\Controllers\ProfileSetting))
 6 SYSTEMPATH\CodeIgniter.php(353): CodeIgniter\CodeIgniter->handleRequest(null, Object(Config\Cache), false)
 7 FCPATH\index.php(79): CodeIgniter\CodeIgniter->run()
 8 SYSTEMPATH\Commands\Server\rewrite.php(47): require_once('C:\\laragon\\www\\ColegioDP\\public\\index.php')
CRITICAL - 2024-03-09 15:34:48 --> Invalid file: "error.php"
in SYSTEMPATH\Exceptions\FrameworkException.php on line 39.
 1 SYSTEMPATH\View\View.php(214): CodeIgniter\Exceptions\FrameworkException::forInvalidFile('error.php')
 2 SYSTEMPATH\Common.php(1188): CodeIgniter\View\View->render('error', [], true)
 3 APPPATH\Controllers\ProfileSetting.php(34): view('error', [...])
 4 SYSTEMPATH\CodeIgniter.php(919): App\Controllers\ProfileSetting->index()
 5 SYSTEMPATH\CodeIgniter.php(494): CodeIgniter\CodeIgniter->runController(Object(App\Controllers\ProfileSetting))
 6 SYSTEMPATH\CodeIgniter.php(353): CodeIgniter\CodeIgniter->handleRequest(null, Object(Config\Cache), false)
 7 FCPATH\index.php(79): CodeIgniter\CodeIgniter->run()
 8 SYSTEMPATH\Commands\Server\rewrite.php(47): require_once('C:\\laragon\\www\\ColegioDP\\public\\index.php')
CRITICAL - 2024-03-09 15:36:08 --> Invalid file: "error.php"
in SYSTEMPATH\Exceptions\FrameworkException.php on line 39.
 1 SYSTEMPATH\View\View.php(214): CodeIgniter\Exceptions\FrameworkException::forInvalidFile('error.php')
 2 SYSTEMPATH\Common.php(1188): CodeIgniter\View\View->render('error', [], true)
 3 APPPATH\Controllers\ProfileSetting.php(34): view('error', [...])
 4 SYSTEMPATH\CodeIgniter.php(919): App\Controllers\ProfileSetting->index()
 5 SYSTEMPATH\CodeIgniter.php(494): CodeIgniter\CodeIgniter->runController(Object(App\Controllers\ProfileSetting))
 6 SYSTEMPATH\CodeIgniter.php(353): CodeIgniter\CodeIgniter->handleRequest(null, Object(Config\Cache), false)
 7 FCPATH\index.php(79): CodeIgniter\CodeIgniter->run()
 8 SYSTEMPATH\Commands\Server\rewrite.php(47): require_once('C:\\laragon\\www\\ColegioDP\\public\\index.php')
CRITICAL - 2024-03-09 15:36:15 --> Invalid file: "error.php"
in SYSTEMPATH\Exceptions\FrameworkException.php on line 39.
 1 SYSTEMPATH\View\View.php(214): CodeIgniter\Exceptions\FrameworkException::forInvalidFile('error.php')
 2 SYSTEMPATH\Common.php(1188): CodeIgniter\View\View->render('error', [], true)
 3 APPPATH\Controllers\ProfileSetting.php(34): view('error', [...])
 4 SYSTEMPATH\CodeIgniter.php(919): App\Controllers\ProfileSetting->index()
 5 SYSTEMPATH\CodeIgniter.php(494): CodeIgniter\CodeIgniter->runController(Object(App\Controllers\ProfileSetting))
 6 SYSTEMPATH\CodeIgniter.php(353): CodeIgniter\CodeIgniter->handleRequest(null, Object(Config\Cache), false)
 7 FCPATH\index.php(79): CodeIgniter\CodeIgniter->run()
 8 SYSTEMPATH\Commands\Server\rewrite.php(47): require_once('C:\\laragon\\www\\ColegioDP\\public\\index.php')
CRITICAL - 2024-03-09 15:37:15 --> Invalid file: "error.php"
in SYSTEMPATH\Exceptions\FrameworkException.php on line 39.
 1 SYSTEMPATH\View\View.php(214): CodeIgniter\Exceptions\FrameworkException::forInvalidFile('error.php')
 2 SYSTEMPATH\Common.php(1188): CodeIgniter\View\View->render('error', [], true)
 3 APPPATH\Controllers\ProfileSetting.php(34): view('error', [...])
 4 SYSTEMPATH\CodeIgniter.php(919): App\Controllers\ProfileSetting->index()
 5 SYSTEMPATH\CodeIgniter.php(494): CodeIgniter\CodeIgniter->runController(Object(App\Controllers\ProfileSetting))
 6 SYSTEMPATH\CodeIgniter.php(353): CodeIgniter\CodeIgniter->handleRequest(null, Object(Config\Cache), false)
 7 FCPATH\index.php(79): CodeIgniter\CodeIgniter->run()
 8 SYSTEMPATH\Commands\Server\rewrite.php(47): require_once('C:\\laragon\\www\\ColegioDP\\public\\index.php')
CRITICAL - 2024-03-09 15:37:16 --> Invalid file: "error.php"
in SYSTEMPATH\Exceptions\FrameworkException.php on line 39.
 1 SYSTEMPATH\View\View.php(214): CodeIgniter\Exceptions\FrameworkException::forInvalidFile('error.php')
 2 SYSTEMPATH\Common.php(1188): CodeIgniter\View\View->render('error', [], true)
 3 APPPATH\Controllers\ProfileSetting.php(34): view('error', [...])
 4 SYSTEMPATH\CodeIgniter.php(919): App\Controllers\ProfileSetting->index()
 5 SYSTEMPATH\CodeIgniter.php(494): CodeIgniter\CodeIgniter->runController(Object(App\Controllers\ProfileSetting))
 6 SYSTEMPATH\CodeIgniter.php(353): CodeIgniter\CodeIgniter->handleRequest(null, Object(Config\Cache), false)
 7 FCPATH\index.php(79): CodeIgniter\CodeIgniter->run()
 8 SYSTEMPATH\Commands\Server\rewrite.php(47): require_once('C:\\laragon\\www\\ColegioDP\\public\\index.php')
CRITICAL - 2024-03-09 15:37:17 --> Invalid file: "error.php"
in SYSTEMPATH\Exceptions\FrameworkException.php on line 39.
 1 SYSTEMPATH\View\View.php(214): CodeIgniter\Exceptions\FrameworkException::forInvalidFile('error.php')
 2 SYSTEMPATH\Common.php(1188): CodeIgniter\View\View->render('error', [], true)
 3 APPPATH\Controllers\ProfileSetting.php(34): view('error', [...])
 4 SYSTEMPATH\CodeIgniter.php(919): App\Controllers\ProfileSetting->index()
 5 SYSTEMPATH\CodeIgniter.php(494): CodeIgniter\CodeIgniter->runController(Object(App\Controllers\ProfileSetting))
 6 SYSTEMPATH\CodeIgniter.php(353): CodeIgniter\CodeIgniter->handleRequest(null, Object(Config\Cache), false)
 7 FCPATH\index.php(79): CodeIgniter\CodeIgniter->run()
 8 SYSTEMPATH\Commands\Server\rewrite.php(47): require_once('C:\\laragon\\www\\ColegioDP\\public\\index.php')
CRITICAL - 2024-03-09 15:37:20 --> Invalid file: "error.php"
in SYSTEMPATH\Exceptions\FrameworkException.php on line 39.
 1 SYSTEMPATH\View\View.php(214): CodeIgniter\Exceptions\FrameworkException::forInvalidFile('error.php')
 2 SYSTEMPATH\Common.php(1188): CodeIgniter\View\View->render('error', [], true)
 3 APPPATH\Controllers\ProfileSetting.php(34): view('error', [...])
 4 SYSTEMPATH\CodeIgniter.php(919): App\Controllers\ProfileSetting->index()
 5 SYSTEMPATH\CodeIgniter.php(494): CodeIgniter\CodeIgniter->runController(Object(App\Controllers\ProfileSetting))
 6 SYSTEMPATH\CodeIgniter.php(353): CodeIgniter\CodeIgniter->handleRequest(null, Object(Config\Cache), false)
 7 FCPATH\index.php(79): CodeIgniter\CodeIgniter->run()
 8 SYSTEMPATH\Commands\Server\rewrite.php(47): require_once('C:\\laragon\\www\\ColegioDP\\public\\index.php')
CRITICAL - 2024-03-09 15:37:58 --> Invalid file: "error.php"
in SYSTEMPATH\Exceptions\FrameworkException.php on line 39.
 1 SYSTEMPATH\View\View.php(214): CodeIgniter\Exceptions\FrameworkException::forInvalidFile('error.php')
 2 SYSTEMPATH\Common.php(1188): CodeIgniter\View\View->render('error', [], true)
 3 APPPATH\Controllers\ProfileSetting.php(34): view('error', [...])
 4 SYSTEMPATH\CodeIgniter.php(919): App\Controllers\ProfileSetting->index()
 5 SYSTEMPATH\CodeIgniter.php(494): CodeIgniter\CodeIgniter->runController(Object(App\Controllers\ProfileSetting))
 6 SYSTEMPATH\CodeIgniter.php(353): CodeIgniter\CodeIgniter->handleRequest(null, Object(Config\Cache), false)
 7 FCPATH\index.php(79): CodeIgniter\CodeIgniter->run()
 8 SYSTEMPATH\Commands\Server\rewrite.php(47): require_once('C:\\laragon\\www\\ColegioDP\\public\\index.php')
CRITICAL - 2024-03-09 15:38:02 --> Invalid file: "error.php"
in SYSTEMPATH\Exceptions\FrameworkException.php on line 39.
 1 SYSTEMPATH\View\View.php(214): CodeIgniter\Exceptions\FrameworkException::forInvalidFile('error.php')
 2 SYSTEMPATH\Common.php(1188): CodeIgniter\View\View->render('error', [], true)
 3 APPPATH\Controllers\ProfileSetting.php(34): view('error', [...])
 4 SYSTEMPATH\CodeIgniter.php(919): App\Controllers\ProfileSetting->index()
 5 SYSTEMPATH\CodeIgniter.php(494): CodeIgniter\CodeIgniter->runController(Object(App\Controllers\ProfileSetting))
 6 SYSTEMPATH\CodeIgniter.php(353): CodeIgniter\CodeIgniter->handleRequest(null, Object(Config\Cache), false)
 7 FCPATH\index.php(79): CodeIgniter\CodeIgniter->run()
 8 SYSTEMPATH\Commands\Server\rewrite.php(47): require_once('C:\\laragon\\www\\ColegioDP\\public\\index.php')
CRITICAL - 2024-03-09 15:41:09 --> Invalid file: "error.php"
in SYSTEMPATH\Exceptions\FrameworkException.php on line 39.
 1 SYSTEMPATH\View\View.php(214): CodeIgniter\Exceptions\FrameworkException::forInvalidFile('error.php')
 2 SYSTEMPATH\Common.php(1188): CodeIgniter\View\View->render('error', [], true)
 3 APPPATH\Controllers\ProfileSetting.php(34): view('error', [...])
 4 SYSTEMPATH\CodeIgniter.php(919): App\Controllers\ProfileSetting->index()
 5 SYSTEMPATH\CodeIgniter.php(494): CodeIgniter\CodeIgniter->runController(Object(App\Controllers\ProfileSetting))
 6 SYSTEMPATH\CodeIgniter.php(353): CodeIgniter\CodeIgniter->handleRequest(null, Object(Config\Cache), false)
 7 FCPATH\index.php(79): CodeIgniter\CodeIgniter->run()
 8 SYSTEMPATH\Commands\Server\rewrite.php(47): require_once('C:\\laragon\\www\\ColegioDP\\public\\index.php')
CRITICAL - 2024-03-09 15:42:15 --> Class "App\Models\ExamsModel" not found
in APPPATH\Controllers\Home.php on line 15.
 1 SYSTEMPATH\CodeIgniter.php(891): App\Controllers\Home->__construct()
 2 SYSTEMPATH\CodeIgniter.php(485): CodeIgniter\CodeIgniter->createController()
 3 SYSTEMPATH\CodeIgniter.php(353): CodeIgniter\CodeIgniter->handleRequest(null, Object(Config\Cache), false)
 4 FCPATH\index.php(79): CodeIgniter\CodeIgniter->run()
 5 SYSTEMPATH\Commands\Server\rewrite.php(47): require_once('C:\\laragon\\www\\ColegioDP\\public\\index.php')
CRITICAL - 2024-03-09 15:44:29 --> Undefined variable $users
in APPPATH\Views\profile.php on line 28.
 1 APPPATH\Views\profile.php(28): CodeIgniter\Debug\Exceptions->errorHandler(2, 'Undefined variable $users', 'C:\\laragon\\www\\ColegioDP\\app\\Views\\profile.php', 28)
 2 SYSTEMPATH\View\View.php(226): include('C:\\laragon\\www\\ColegioDP\\app\\Views\\profile.php')
 3 SYSTEMPATH\View\View.php(229): CodeIgniter\View\View->CodeIgniter\View\{closure}()
 4 SYSTEMPATH\Common.php(1188): CodeIgniter\View\View->render('profile', [], true)
 5 APPPATH\Controllers\ProfileSetting.php(41): view('profile')
 6 SYSTEMPATH\CodeIgniter.php(919): App\Controllers\ProfileSetting->profiles()
 7 SYSTEMPATH\CodeIgniter.php(494): CodeIgniter\CodeIgniter->runController(Object(App\Controllers\ProfileSetting))
 8 SYSTEMPATH\CodeIgniter.php(353): CodeIgniter\CodeIgniter->handleRequest(null, Object(Config\Cache), false)
 9 FCPATH\index.php(79): CodeIgniter\CodeIgniter->run()
10 SYSTEMPATH\Commands\Server\rewrite.php(47): require_once('C:\\laragon\\www\\ColegioDP\\public\\index.php')
CRITICAL - 2024-03-09 15:44:30 --> Undefined variable $users
in APPPATH\Views\profile.php on line 28.
 1 APPPATH\Views\profile.php(28): CodeIgniter\Debug\Exceptions->errorHandler(2, 'Undefined variable $users', 'C:\\laragon\\www\\ColegioDP\\app\\Views\\profile.php', 28)
 2 SYSTEMPATH\View\View.php(226): include('C:\\laragon\\www\\ColegioDP\\app\\Views\\profile.php')
 3 SYSTEMPATH\View\View.php(229): CodeIgniter\View\View->CodeIgniter\View\{closure}()
 4 SYSTEMPATH\Common.php(1188): CodeIgniter\View\View->render('profile', [], true)
 5 APPPATH\Controllers\ProfileSetting.php(41): view('profile')
 6 SYSTEMPATH\CodeIgniter.php(919): App\Controllers\ProfileSetting->profiles()
 7 SYSTEMPATH\CodeIgniter.php(494): CodeIgniter\CodeIgniter->runController(Object(App\Controllers\ProfileSetting))
 8 SYSTEMPATH\CodeIgniter.php(353): CodeIgniter\CodeIgniter->handleRequest(null, Object(Config\Cache), false)
 9 FCPATH\index.php(79): CodeIgniter\CodeIgniter->run()
10 SYSTEMPATH\Commands\Server\rewrite.php(47): require_once('C:\\laragon\\www\\ColegioDP\\public\\index.php')
CRITICAL - 2024-03-09 15:44:34 --> Undefined variable $users
in APPPATH\Views\profile.php on line 28.
 1 APPPATH\Views\profile.php(28): CodeIgniter\Debug\Exceptions->errorHandler(2, 'Undefined variable $users', 'C:\\laragon\\www\\ColegioDP\\app\\Views\\profile.php', 28)
 2 SYSTEMPATH\View\View.php(226): include('C:\\laragon\\www\\ColegioDP\\app\\Views\\profile.php')
 3 SYSTEMPATH\View\View.php(229): CodeIgniter\View\View->CodeIgniter\View\{closure}()
 4 SYSTEMPATH\Common.php(1188): CodeIgniter\View\View->render('profile', [], true)
 5 APPPATH\Controllers\ProfileSetting.php(41): view('profile')
 6 SYSTEMPATH\CodeIgniter.php(919): App\Controllers\ProfileSetting->profiles()
 7 SYSTEMPATH\CodeIgniter.php(494): CodeIgniter\CodeIgniter->runController(Object(App\Controllers\ProfileSetting))
 8 SYSTEMPATH\CodeIgniter.php(353): CodeIgniter\CodeIgniter->handleRequest(null, Object(Config\Cache), false)
 9 FCPATH\index.php(79): CodeIgniter\CodeIgniter->run()
10 SYSTEMPATH\Commands\Server\rewrite.php(47): require_once('C:\\laragon\\www\\ColegioDP\\public\\index.php')
CRITICAL - 2024-03-09 15:44:49 --> Class "App\Models\ExamsModel" not found
in APPPATH\Controllers\Home.php on line 15.
 1 SYSTEMPATH\CodeIgniter.php(891): App\Controllers\Home->__construct()
 2 SYSTEMPATH\CodeIgniter.php(485): CodeIgniter\CodeIgniter->createController()
 3 SYSTEMPATH\CodeIgniter.php(353): CodeIgniter\CodeIgniter->handleRequest(null, Object(Config\Cache), false)
 4 FCPATH\index.php(79): CodeIgniter\CodeIgniter->run()
 5 SYSTEMPATH\Commands\Server\rewrite.php(47): require_once('C:\\laragon\\www\\ColegioDP\\public\\index.php')
