CRITICAL - 2024-03-02 04:55:25 --> Call to undefined method App\Controllers\ForgotPassword::sendResetLink()
in APPPATH\Controllers\AuthController.php on line 59.
 1 SYSTEMPATH\CodeIgniter.php(919): App\Controllers\AuthController->login()
 2 SYSTEMPATH\CodeIgniter.php(494): CodeIgniter\CodeIgniter->runController(Object(App\Controllers\AuthController))
 3 SYSTEMPATH\CodeIgniter.php(353): CodeIgniter\CodeIgniter->handleRequest(null, Object(Config\Cache), false)
 4 FCPATH\index.php(79): CodeIgniter\CodeIgniter->run()
 5 SYSTEMPATH\Commands\Server\rewrite.php(47): require_once('C:\\laragon\\www\\ColegioDP\\public\\index.php')
CRITICAL - 2024-03-02 13:45:34 --> Class "App\Controllers\Controller" not found
in APPPATH\Controllers\ProfileSetting.php on line 7.
 1 SYSTEMPATH\Autoloader\Autoloader.php(306): include_once()
 2 SYSTEMPATH\Autoloader\Autoloader.php(285): CodeIgniter\Autoloader\Autoloader->includeFile('C:\\laragon\\www\\ColegioDP\\app\\Controllers\\ProfileSetting.php')
 3 SYSTEMPATH\Autoloader\Autoloader.php(263): CodeIgniter\Autoloader\Autoloader->loadInNamespace('App\\Controllers\\ProfileSetting')
 4 [internal function]: CodeIgniter\Autoloader\Autoloader->loadClass('App\\Controllers\\ProfileSetting')
 5 SYSTEMPATH\CodeIgniter.php(877): class_exists('\\App\\Controllers\\ProfileSetting', true)
 6 SYSTEMPATH\CodeIgniter.php(481): CodeIgniter\CodeIgniter->startController()
 7 SYSTEMPATH\CodeIgniter.php(353): CodeIgniter\CodeIgniter->handleRequest(null, Object(Config\Cache), false)
 8 FCPATH\index.php(79): CodeIgniter\CodeIgniter->run()
 9 SYSTEMPATH\Commands\Server\rewrite.php(47): require_once('C:\\laragon\\www\\ColegioDP\\public\\index.php')
CRITICAL - 2024-03-02 16:00:40 --> Invalid file: "dashboard.php"
in SYSTEMPATH\Exceptions\FrameworkException.php on line 39.
 1 SYSTEMPATH\View\View.php(214): CodeIgniter\Exceptions\FrameworkException::forInvalidFile('dashboard.php')
 2 SYSTEMPATH\Common.php(1188): CodeIgniter\View\View->render('dashboard', [], true)
 3 APPPATH\Controllers\ForgotPassword.php(17): view('dashboard')
 4 SYSTEMPATH\CodeIgniter.php(919): App\Controllers\ForgotPassword->profile()
 5 SYSTEMPATH\CodeIgniter.php(494): CodeIgniter\CodeIgniter->runController(Object(App\Controllers\ForgotPassword))
 6 SYSTEMPATH\CodeIgniter.php(353): CodeIgniter\CodeIgniter->handleRequest(null, Object(Config\Cache), false)
 7 FCPATH\index.php(79): CodeIgniter\CodeIgniter->run()
 8 SYSTEMPATH\Commands\Server\rewrite.php(47): require_once('C:\\laragon\\www\\ColegioDP\\public\\index.php')
CRITICAL - 2024-03-02 16:04:18 --> Invalid file: "dashboard.php"
in SYSTEMPATH\Exceptions\FrameworkException.php on line 39.
 1 SYSTEMPATH\View\View.php(214): CodeIgniter\Exceptions\FrameworkException::forInvalidFile('dashboard.php')
 2 SYSTEMPATH\Common.php(1188): CodeIgniter\View\View->render('dashboard', [], true)
 3 APPPATH\Controllers\ForgotPassword.php(17): view('dashboard')
 4 SYSTEMPATH\CodeIgniter.php(919): App\Controllers\ForgotPassword->profile()
 5 SYSTEMPATH\CodeIgniter.php(494): CodeIgniter\CodeIgniter->runController(Object(App\Controllers\ForgotPassword))
 6 SYSTEMPATH\CodeIgniter.php(353): CodeIgniter\CodeIgniter->handleRequest(null, Object(Config\Cache), false)
 7 FCPATH\index.php(79): CodeIgniter\CodeIgniter->run()
 8 SYSTEMPATH\Commands\Server\rewrite.php(47): require_once('C:\\laragon\\www\\ColegioDP\\public\\index.php')
CRITICAL - 2024-03-02 16:05:00 --> Invalid file: "dashboard.php"
in SYSTEMPATH\Exceptions\FrameworkException.php on line 39.
 1 SYSTEMPATH\View\View.php(214): CodeIgniter\Exceptions\FrameworkException::forInvalidFile('dashboard.php')
 2 SYSTEMPATH\Common.php(1188): CodeIgniter\View\View->render('dashboard', [], true)
 3 APPPATH\Controllers\ForgotPassword.php(17): view('dashboard')
 4 SYSTEMPATH\CodeIgniter.php(919): App\Controllers\ForgotPassword->profile()
 5 SYSTEMPATH\CodeIgniter.php(494): CodeIgniter\CodeIgniter->runController(Object(App\Controllers\ForgotPassword))
 6 SYSTEMPATH\CodeIgniter.php(353): CodeIgniter\CodeIgniter->handleRequest(null, Object(Config\Cache), false)
 7 FCPATH\index.php(79): CodeIgniter\CodeIgniter->run()
 8 SYSTEMPATH\Commands\Server\rewrite.php(47): require_once('C:\\laragon\\www\\ColegioDP\\public\\index.php')
CRITICAL - 2024-03-02 16:05:01 --> Invalid file: "dashboard.php"
in SYSTEMPATH\Exceptions\FrameworkException.php on line 39.
 1 SYSTEMPATH\View\View.php(214): CodeIgniter\Exceptions\FrameworkException::forInvalidFile('dashboard.php')
 2 SYSTEMPATH\Common.php(1188): CodeIgniter\View\View->render('dashboard', [], true)
 3 APPPATH\Controllers\ForgotPassword.php(17): view('dashboard')
 4 SYSTEMPATH\CodeIgniter.php(919): App\Controllers\ForgotPassword->profile()
 5 SYSTEMPATH\CodeIgniter.php(494): CodeIgniter\CodeIgniter->runController(Object(App\Controllers\ForgotPassword))
 6 SYSTEMPATH\CodeIgniter.php(353): CodeIgniter\CodeIgniter->handleRequest(null, Object(Config\Cache), false)
 7 FCPATH\index.php(79): CodeIgniter\CodeIgniter->run()
 8 SYSTEMPATH\Commands\Server\rewrite.php(47): require_once('C:\\laragon\\www\\ColegioDP\\public\\index.php')
CRITICAL - 2024-03-02 16:05:01 --> Invalid file: "dashboard.php"
in SYSTEMPATH\Exceptions\FrameworkException.php on line 39.
 1 SYSTEMPATH\View\View.php(214): CodeIgniter\Exceptions\FrameworkException::forInvalidFile('dashboard.php')
 2 SYSTEMPATH\Common.php(1188): CodeIgniter\View\View->render('dashboard', [], true)
 3 APPPATH\Controllers\ForgotPassword.php(17): view('dashboard')
 4 SYSTEMPATH\CodeIgniter.php(919): App\Controllers\ForgotPassword->profile()
 5 SYSTEMPATH\CodeIgniter.php(494): CodeIgniter\CodeIgniter->runController(Object(App\Controllers\ForgotPassword))
 6 SYSTEMPATH\CodeIgniter.php(353): CodeIgniter\CodeIgniter->handleRequest(null, Object(Config\Cache), false)
 7 FCPATH\index.php(79): CodeIgniter\CodeIgniter->run()
 8 SYSTEMPATH\Commands\Server\rewrite.php(47): require_once('C:\\laragon\\www\\ColegioDP\\public\\index.php')
CRITICAL - 2024-03-02 16:05:02 --> Invalid file: "dashboard.php"
in SYSTEMPATH\Exceptions\FrameworkException.php on line 39.
 1 SYSTEMPATH\View\View.php(214): CodeIgniter\Exceptions\FrameworkException::forInvalidFile('dashboard.php')
 2 SYSTEMPATH\Common.php(1188): CodeIgniter\View\View->render('dashboard', [], true)
 3 APPPATH\Controllers\ForgotPassword.php(17): view('dashboard')
 4 SYSTEMPATH\CodeIgniter.php(919): App\Controllers\ForgotPassword->profile()
 5 SYSTEMPATH\CodeIgniter.php(494): CodeIgniter\CodeIgniter->runController(Object(App\Controllers\ForgotPassword))
 6 SYSTEMPATH\CodeIgniter.php(353): CodeIgniter\CodeIgniter->handleRequest(null, Object(Config\Cache), false)
 7 FCPATH\index.php(79): CodeIgniter\CodeIgniter->run()
 8 SYSTEMPATH\Commands\Server\rewrite.php(47): require_once('C:\\laragon\\www\\ColegioDP\\public\\index.php')
