CRITICAL - 2024-03-08 02:10:01 --> Invalid file: "error.php"
in SYSTEMPATH\Exceptions\FrameworkException.php on line 39.
 1 SYSTEMPATH\View\View.php(214): CodeIgniter\Exceptions\FrameworkException::forInvalidFile('error.php')
 2 SYSTEMPATH\Common.php(1188): CodeIgniter\View\View->render('error', [], true)
 3 APPPATH\Controllers\Dashboard.php(34): view('error', [...])
 4 SYSTEMPATH\CodeIgniter.php(919): App\Controllers\Dashboard->index()
 5 SYSTEMPATH\CodeIgniter.php(494): CodeIgniter\CodeIgniter->runController(Object(App\Controllers\Dashboard))
 6 SYSTEMPATH\CodeIgniter.php(353): CodeIgniter\CodeIgniter->handleRequest(null, Object(Config\Cache), false)
 7 FCPATH\index.php(79): CodeIgniter\CodeIgniter->run()
 8 SYSTEMPATH\Commands\Server\rewrite.php(47): require_once('C:\\laragon\\www\\ColegioDP\\public\\index.php')
CRITICAL - 2024-03-08 02:10:09 --> Invalid file: "error.php"
in SYSTEMPATH\Exceptions\FrameworkException.php on line 39.
 1 SYSTEMPATH\View\View.php(214): CodeIgniter\Exceptions\FrameworkException::forInvalidFile('error.php')
 2 SYSTEMPATH\Common.php(1188): CodeIgniter\View\View->render('error', [], true)
 3 APPPATH\Controllers\ProfileSetting.php(34): view('error', [...])
 4 SYSTEMPATH\CodeIgniter.php(919): App\Controllers\ProfileSetting->index()
 5 SYSTEMPATH\CodeIgniter.php(494): CodeIgniter\CodeIgniter->runController(Object(App\Controllers\ProfileSetting))
 6 SYSTEMPATH\CodeIgniter.php(353): CodeIgniter\CodeIgniter->handleRequest(null, Object(Config\Cache), false)
 7 FCPATH\index.php(79): CodeIgniter\CodeIgniter->run()
 8 SYSTEMPATH\Commands\Server\rewrite.php(47): require_once('C:\\laragon\\www\\ColegioDP\\public\\index.php')
CRITICAL - 2024-03-08 02:10:12 --> Invalid file: "error.php"
in SYSTEMPATH\Exceptions\FrameworkException.php on line 39.
 1 SYSTEMPATH\View\View.php(214): CodeIgniter\Exceptions\FrameworkException::forInvalidFile('error.php')
 2 SYSTEMPATH\Common.php(1188): CodeIgniter\View\View->render('error', [], true)
 3 APPPATH\Controllers\ProfileSetting.php(34): view('error', [...])
 4 SYSTEMPATH\CodeIgniter.php(919): App\Controllers\ProfileSetting->index()
 5 SYSTEMPATH\CodeIgniter.php(494): CodeIgniter\CodeIgniter->runController(Object(App\Controllers\ProfileSetting))
 6 SYSTEMPATH\CodeIgniter.php(353): CodeIgniter\CodeIgniter->handleRequest(null, Object(Config\Cache), false)
 7 FCPATH\index.php(79): CodeIgniter\CodeIgniter->run()
 8 SYSTEMPATH\Commands\Server\rewrite.php(47): require_once('C:\\laragon\\www\\ColegioDP\\public\\index.php')
CRITICAL - 2024-03-08 02:10:39 --> Invalid file: "error.php"
in SYSTEMPATH\Exceptions\FrameworkException.php on line 39.
 1 SYSTEMPATH\View\View.php(214): CodeIgniter\Exceptions\FrameworkException::forInvalidFile('error.php')
 2 SYSTEMPATH\Common.php(1188): CodeIgniter\View\View->render('error', [], true)
 3 APPPATH\Controllers\ProfileSetting.php(34): view('error', [...])
 4 SYSTEMPATH\CodeIgniter.php(919): App\Controllers\ProfileSetting->index()
 5 SYSTEMPATH\CodeIgniter.php(494): CodeIgniter\CodeIgniter->runController(Object(App\Controllers\ProfileSetting))
 6 SYSTEMPATH\CodeIgniter.php(353): CodeIgniter\CodeIgniter->handleRequest(null, Object(Config\Cache), false)
 7 FCPATH\index.php(79): CodeIgniter\CodeIgniter->run()
 8 SYSTEMPATH\Commands\Server\rewrite.php(47): require_once('C:\\laragon\\www\\ColegioDP\\public\\index.php')
CRITICAL - 2024-03-08 02:10:40 --> Invalid file: "error.php"
in SYSTEMPATH\Exceptions\FrameworkException.php on line 39.
 1 SYSTEMPATH\View\View.php(214): CodeIgniter\Exceptions\FrameworkException::forInvalidFile('error.php')
 2 SYSTEMPATH\Common.php(1188): CodeIgniter\View\View->render('error', [], true)
 3 APPPATH\Controllers\ProfileSetting.php(34): view('error', [...])
 4 SYSTEMPATH\CodeIgniter.php(919): App\Controllers\ProfileSetting->index()
 5 SYSTEMPATH\CodeIgniter.php(494): CodeIgniter\CodeIgniter->runController(Object(App\Controllers\ProfileSetting))
 6 SYSTEMPATH\CodeIgniter.php(353): CodeIgniter\CodeIgniter->handleRequest(null, Object(Config\Cache), false)
 7 FCPATH\index.php(79): CodeIgniter\CodeIgniter->run()
 8 SYSTEMPATH\Commands\Server\rewrite.php(47): require_once('C:\\laragon\\www\\ColegioDP\\public\\index.php')
CRITICAL - 2024-03-08 02:10:43 --> Invalid file: "error.php"
in SYSTEMPATH\Exceptions\FrameworkException.php on line 39.
 1 SYSTEMPATH\View\View.php(214): CodeIgniter\Exceptions\FrameworkException::forInvalidFile('error.php')
 2 SYSTEMPATH\Common.php(1188): CodeIgniter\View\View->render('error', [], true)
 3 APPPATH\Controllers\Dashboard.php(34): view('error', [...])
 4 SYSTEMPATH\CodeIgniter.php(919): App\Controllers\Dashboard->index()
 5 SYSTEMPATH\CodeIgniter.php(494): CodeIgniter\CodeIgniter->runController(Object(App\Controllers\Dashboard))
 6 SYSTEMPATH\CodeIgniter.php(353): CodeIgniter\CodeIgniter->handleRequest(null, Object(Config\Cache), false)
 7 FCPATH\index.php(79): CodeIgniter\CodeIgniter->run()
 8 SYSTEMPATH\Commands\Server\rewrite.php(47): require_once('C:\\laragon\\www\\ColegioDP\\public\\index.php')
CRITICAL - 2024-03-08 02:11:08 --> Invalid file: "error.php"
in SYSTEMPATH\Exceptions\FrameworkException.php on line 39.
 1 SYSTEMPATH\View\View.php(214): CodeIgniter\Exceptions\FrameworkException::forInvalidFile('error.php')
 2 SYSTEMPATH\Common.php(1188): CodeIgniter\View\View->render('error', [], true)
 3 APPPATH\Controllers\Dashboard.php(34): view('error', [...])
 4 SYSTEMPATH\CodeIgniter.php(919): App\Controllers\Dashboard->index()
 5 SYSTEMPATH\CodeIgniter.php(494): CodeIgniter\CodeIgniter->runController(Object(App\Controllers\Dashboard))
 6 SYSTEMPATH\CodeIgniter.php(353): CodeIgniter\CodeIgniter->handleRequest(null, Object(Config\Cache), false)
 7 FCPATH\index.php(79): CodeIgniter\CodeIgniter->run()
 8 SYSTEMPATH\Commands\Server\rewrite.php(47): require_once('C:\\laragon\\www\\ColegioDP\\public\\index.php')
CRITICAL - 2024-03-08 02:11:09 --> Invalid file: "error.php"
in SYSTEMPATH\Exceptions\FrameworkException.php on line 39.
 1 SYSTEMPATH\View\View.php(214): CodeIgniter\Exceptions\FrameworkException::forInvalidFile('error.php')
 2 SYSTEMPATH\Common.php(1188): CodeIgniter\View\View->render('error', [], true)
 3 APPPATH\Controllers\Dashboard.php(34): view('error', [...])
 4 SYSTEMPATH\CodeIgniter.php(919): App\Controllers\Dashboard->index()
 5 SYSTEMPATH\CodeIgniter.php(494): CodeIgniter\CodeIgniter->runController(Object(App\Controllers\Dashboard))
 6 SYSTEMPATH\CodeIgniter.php(353): CodeIgniter\CodeIgniter->handleRequest(null, Object(Config\Cache), false)
 7 FCPATH\index.php(79): CodeIgniter\CodeIgniter->run()
 8 SYSTEMPATH\Commands\Server\rewrite.php(47): require_once('C:\\laragon\\www\\ColegioDP\\public\\index.php')
CRITICAL - 2024-03-08 02:11:10 --> Invalid file: "error.php"
in SYSTEMPATH\Exceptions\FrameworkException.php on line 39.
 1 SYSTEMPATH\View\View.php(214): CodeIgniter\Exceptions\FrameworkException::forInvalidFile('error.php')
 2 SYSTEMPATH\Common.php(1188): CodeIgniter\View\View->render('error', [], true)
 3 APPPATH\Controllers\Dashboard.php(34): view('error', [...])
 4 SYSTEMPATH\CodeIgniter.php(919): App\Controllers\Dashboard->index()
 5 SYSTEMPATH\CodeIgniter.php(494): CodeIgniter\CodeIgniter->runController(Object(App\Controllers\Dashboard))
 6 SYSTEMPATH\CodeIgniter.php(353): CodeIgniter\CodeIgniter->handleRequest(null, Object(Config\Cache), false)
 7 FCPATH\index.php(79): CodeIgniter\CodeIgniter->run()
 8 SYSTEMPATH\Commands\Server\rewrite.php(47): require_once('C:\\laragon\\www\\ColegioDP\\public\\index.php')
CRITICAL - 2024-03-08 02:11:11 --> Invalid file: "error.php"
in SYSTEMPATH\Exceptions\FrameworkException.php on line 39.
 1 SYSTEMPATH\View\View.php(214): CodeIgniter\Exceptions\FrameworkException::forInvalidFile('error.php')
 2 SYSTEMPATH\Common.php(1188): CodeIgniter\View\View->render('error', [], true)
 3 APPPATH\Controllers\Dashboard.php(34): view('error', [...])
 4 SYSTEMPATH\CodeIgniter.php(919): App\Controllers\Dashboard->index()
 5 SYSTEMPATH\CodeIgniter.php(494): CodeIgniter\CodeIgniter->runController(Object(App\Controllers\Dashboard))
 6 SYSTEMPATH\CodeIgniter.php(353): CodeIgniter\CodeIgniter->handleRequest(null, Object(Config\Cache), false)
 7 FCPATH\index.php(79): CodeIgniter\CodeIgniter->run()
 8 SYSTEMPATH\Commands\Server\rewrite.php(47): require_once('C:\\laragon\\www\\ColegioDP\\public\\index.php')
CRITICAL - 2024-03-08 02:11:12 --> Invalid file: "error.php"
in SYSTEMPATH\Exceptions\FrameworkException.php on line 39.
 1 SYSTEMPATH\View\View.php(214): CodeIgniter\Exceptions\FrameworkException::forInvalidFile('error.php')
 2 SYSTEMPATH\Common.php(1188): CodeIgniter\View\View->render('error', [], true)
 3 APPPATH\Controllers\Dashboard.php(34): view('error', [...])
 4 SYSTEMPATH\CodeIgniter.php(919): App\Controllers\Dashboard->index()
 5 SYSTEMPATH\CodeIgniter.php(494): CodeIgniter\CodeIgniter->runController(Object(App\Controllers\Dashboard))
 6 SYSTEMPATH\CodeIgniter.php(353): CodeIgniter\CodeIgniter->handleRequest(null, Object(Config\Cache), false)
 7 FCPATH\index.php(79): CodeIgniter\CodeIgniter->run()
 8 SYSTEMPATH\Commands\Server\rewrite.php(47): require_once('C:\\laragon\\www\\ColegioDP\\public\\index.php')
CRITICAL - 2024-03-08 02:11:12 --> Invalid file: "error.php"
in SYSTEMPATH\Exceptions\FrameworkException.php on line 39.
 1 SYSTEMPATH\View\View.php(214): CodeIgniter\Exceptions\FrameworkException::forInvalidFile('error.php')
 2 SYSTEMPATH\Common.php(1188): CodeIgniter\View\View->render('error', [], true)
 3 APPPATH\Controllers\Dashboard.php(34): view('error', [...])
 4 SYSTEMPATH\CodeIgniter.php(919): App\Controllers\Dashboard->index()
 5 SYSTEMPATH\CodeIgniter.php(494): CodeIgniter\CodeIgniter->runController(Object(App\Controllers\Dashboard))
 6 SYSTEMPATH\CodeIgniter.php(353): CodeIgniter\CodeIgniter->handleRequest(null, Object(Config\Cache), false)
 7 FCPATH\index.php(79): CodeIgniter\CodeIgniter->run()
 8 SYSTEMPATH\Commands\Server\rewrite.php(47): require_once('C:\\laragon\\www\\ColegioDP\\public\\index.php')
CRITICAL - 2024-03-08 02:11:14 --> Invalid file: "error.php"
in SYSTEMPATH\Exceptions\FrameworkException.php on line 39.
 1 SYSTEMPATH\View\View.php(214): CodeIgniter\Exceptions\FrameworkException::forInvalidFile('error.php')
 2 SYSTEMPATH\Common.php(1188): CodeIgniter\View\View->render('error', [], true)
 3 APPPATH\Controllers\Dashboard.php(34): view('error', [...])
 4 SYSTEMPATH\CodeIgniter.php(919): App\Controllers\Dashboard->index()
 5 SYSTEMPATH\CodeIgniter.php(494): CodeIgniter\CodeIgniter->runController(Object(App\Controllers\Dashboard))
 6 SYSTEMPATH\CodeIgniter.php(353): CodeIgniter\CodeIgniter->handleRequest(null, Object(Config\Cache), false)
 7 FCPATH\index.php(79): CodeIgniter\CodeIgniter->run()
 8 SYSTEMPATH\Commands\Server\rewrite.php(47): require_once('C:\\laragon\\www\\ColegioDP\\public\\index.php')
CRITICAL - 2024-03-08 02:11:15 --> Invalid file: "error.php"
in SYSTEMPATH\Exceptions\FrameworkException.php on line 39.
 1 SYSTEMPATH\View\View.php(214): CodeIgniter\Exceptions\FrameworkException::forInvalidFile('error.php')
 2 SYSTEMPATH\Common.php(1188): CodeIgniter\View\View->render('error', [], true)
 3 APPPATH\Controllers\Dashboard.php(34): view('error', [...])
 4 SYSTEMPATH\CodeIgniter.php(919): App\Controllers\Dashboard->index()
 5 SYSTEMPATH\CodeIgniter.php(494): CodeIgniter\CodeIgniter->runController(Object(App\Controllers\Dashboard))
 6 SYSTEMPATH\CodeIgniter.php(353): CodeIgniter\CodeIgniter->handleRequest(null, Object(Config\Cache), false)
 7 FCPATH\index.php(79): CodeIgniter\CodeIgniter->run()
 8 SYSTEMPATH\Commands\Server\rewrite.php(47): require_once('C:\\laragon\\www\\ColegioDP\\public\\index.php')
CRITICAL - 2024-03-08 02:11:15 --> Invalid file: "error.php"
in SYSTEMPATH\Exceptions\FrameworkException.php on line 39.
 1 SYSTEMPATH\View\View.php(214): CodeIgniter\Exceptions\FrameworkException::forInvalidFile('error.php')
 2 SYSTEMPATH\Common.php(1188): CodeIgniter\View\View->render('error', [], true)
 3 APPPATH\Controllers\ProfileSetting.php(34): view('error', [...])
 4 SYSTEMPATH\CodeIgniter.php(919): App\Controllers\ProfileSetting->index()
 5 SYSTEMPATH\CodeIgniter.php(494): CodeIgniter\CodeIgniter->runController(Object(App\Controllers\ProfileSetting))
 6 SYSTEMPATH\CodeIgniter.php(353): CodeIgniter\CodeIgniter->handleRequest(null, Object(Config\Cache), false)
 7 FCPATH\index.php(79): CodeIgniter\CodeIgniter->run()
 8 SYSTEMPATH\Commands\Server\rewrite.php(47): require_once('C:\\laragon\\www\\ColegioDP\\public\\index.php')
CRITICAL - 2024-03-08 02:11:16 --> Invalid file: "error.php"
in SYSTEMPATH\Exceptions\FrameworkException.php on line 39.
 1 SYSTEMPATH\View\View.php(214): CodeIgniter\Exceptions\FrameworkException::forInvalidFile('error.php')
 2 SYSTEMPATH\Common.php(1188): CodeIgniter\View\View->render('error', [], true)
 3 APPPATH\Controllers\Dashboard.php(34): view('error', [...])
 4 SYSTEMPATH\CodeIgniter.php(919): App\Controllers\Dashboard->index()
 5 SYSTEMPATH\CodeIgniter.php(494): CodeIgniter\CodeIgniter->runController(Object(App\Controllers\Dashboard))
 6 SYSTEMPATH\CodeIgniter.php(353): CodeIgniter\CodeIgniter->handleRequest(null, Object(Config\Cache), false)
 7 FCPATH\index.php(79): CodeIgniter\CodeIgniter->run()
 8 SYSTEMPATH\Commands\Server\rewrite.php(47): require_once('C:\\laragon\\www\\ColegioDP\\public\\index.php')
ERROR - 2024-03-08 02:11:31 --> Error connecting to the database: mysqli_sql_exception: No connection could be made because the target machine actively refused it in C:\laragon\www\ColegioDP\system\Database\MySQLi\Connection.php:185
Stack trace:
#0 C:\laragon\www\ColegioDP\system\Database\MySQLi\Connection.php(185): mysqli->real_connect('localhost', 'root', '', 'accounts', 3306, '', 0)
#1 C:\laragon\www\ColegioDP\system\Database\BaseConnection.php(391): CodeIgniter\Database\MySQLi\Connection->connect(false)
#2 C:\laragon\www\ColegioDP\system\Database\BaseConnection.php(574): CodeIgniter\Database\BaseConnection->initialize()
#3 C:\laragon\www\ColegioDP\system\Database\BaseBuilder.php(1615): CodeIgniter\Database\BaseConnection->query('SELECT *\nFROM `...', Array, false)
#4 C:\laragon\www\ColegioDP\system\Model.php(264): CodeIgniter\Database\BaseBuilder->get()
#5 C:\laragon\www\ColegioDP\system\BaseModel.php(662): CodeIgniter\Model->doFirst()
#6 C:\laragon\www\ColegioDP\app\Controllers\AuthController.php(47): CodeIgniter\BaseModel->first()
#7 C:\laragon\www\ColegioDP\system\CodeIgniter.php(919): App\Controllers\AuthController->login()
#8 C:\laragon\www\ColegioDP\system\CodeIgniter.php(494): CodeIgniter\CodeIgniter->runController(Object(App\Controllers\AuthController))
#9 C:\laragon\www\ColegioDP\system\CodeIgniter.php(353): CodeIgniter\CodeIgniter->handleRequest(NULL, Object(Config\Cache), false)
#10 C:\laragon\www\ColegioDP\public\index.php(79): CodeIgniter\CodeIgniter->run()
#11 C:\laragon\www\ColegioDP\system\Commands\Server\rewrite.php(47): require_once('C:\\laragon\\www\\...')
#12 {main}

Next CodeIgniter\Database\Exceptions\DatabaseException: No connection could be made because the target machine actively refused it in C:\laragon\www\ColegioDP\system\Database\MySQLi\Connection.php:229
Stack trace:
#0 C:\laragon\www\ColegioDP\system\Database\BaseConnection.php(391): CodeIgniter\Database\MySQLi\Connection->connect(false)
#1 C:\laragon\www\ColegioDP\system\Database\BaseConnection.php(574): CodeIgniter\Database\BaseConnection->initialize()
#2 C:\laragon\www\ColegioDP\system\Database\BaseBuilder.php(1615): CodeIgniter\Database\BaseConnection->query('SELECT *\nFROM `...', Array, false)
#3 C:\laragon\www\ColegioDP\system\Model.php(264): CodeIgniter\Database\BaseBuilder->get()
#4 C:\laragon\www\ColegioDP\system\BaseModel.php(662): CodeIgniter\Model->doFirst()
#5 C:\laragon\www\ColegioDP\app\Controllers\AuthController.php(47): CodeIgniter\BaseModel->first()
#6 C:\laragon\www\ColegioDP\system\CodeIgniter.php(919): App\Controllers\AuthController->login()
#7 C:\laragon\www\ColegioDP\system\CodeIgniter.php(494): CodeIgniter\CodeIgniter->runController(Object(App\Controllers\AuthController))
#8 C:\laragon\www\ColegioDP\system\CodeIgniter.php(353): CodeIgniter\CodeIgniter->handleRequest(NULL, Object(Config\Cache), false)
#9 C:\laragon\www\ColegioDP\public\index.php(79): CodeIgniter\CodeIgniter->run()
#10 C:\laragon\www\ColegioDP\system\Commands\Server\rewrite.php(47): require_once('C:\\laragon\\www\\...')
#11 {main}
CRITICAL - 2024-03-08 02:11:31 --> Unable to connect to the database.
Main connection [MySQLi]: No connection could be made because the target machine actively refused it
in SYSTEMPATH\Database\BaseConnection.php on line 427.
 1 SYSTEMPATH\Database\BaseConnection.php(574): CodeIgniter\Database\BaseConnection->initialize()
 2 SYSTEMPATH\Database\BaseBuilder.php(1615): CodeIgniter\Database\BaseConnection->query('SELECT *
FROM `users`
WHERE `email` = :email:
 LIMIT 1', [...], false)
 3 SYSTEMPATH\Model.php(264): CodeIgniter\Database\BaseBuilder->get()
 4 SYSTEMPATH\BaseModel.php(662): CodeIgniter\Model->doFirst()
 5 APPPATH\Controllers\AuthController.php(47): CodeIgniter\BaseModel->first()
 6 SYSTEMPATH\CodeIgniter.php(919): App\Controllers\AuthController->login()
 7 SYSTEMPATH\CodeIgniter.php(494): CodeIgniter\CodeIgniter->runController(Object(App\Controllers\AuthController))
 8 SYSTEMPATH\CodeIgniter.php(353): CodeIgniter\CodeIgniter->handleRequest(null, Object(Config\Cache), false)
 9 FCPATH\index.php(79): CodeIgniter\CodeIgniter->run()
10 SYSTEMPATH\Commands\Server\rewrite.php(47): require_once('C:\\laragon\\www\\ColegioDP\\public\\index.php')
ERROR - 2024-03-08 02:12:26 --> Error connecting to the database: mysqli_sql_exception: No connection could be made because the target machine actively refused it in C:\laragon\www\ColegioDP\system\Database\MySQLi\Connection.php:185
Stack trace:
#0 C:\laragon\www\ColegioDP\system\Database\MySQLi\Connection.php(185): mysqli->real_connect('localhost', 'root', '', 'accounts', 3306, '', 0)
#1 C:\laragon\www\ColegioDP\system\Database\BaseConnection.php(391): CodeIgniter\Database\MySQLi\Connection->connect(false)
#2 C:\laragon\www\ColegioDP\system\Database\BaseConnection.php(574): CodeIgniter\Database\BaseConnection->initialize()
#3 C:\laragon\www\ColegioDP\system\Database\BaseBuilder.php(1615): CodeIgniter\Database\BaseConnection->query('SELECT *\nFROM `...', Array, false)
#4 C:\laragon\www\ColegioDP\system\Model.php(264): CodeIgniter\Database\BaseBuilder->get()
#5 C:\laragon\www\ColegioDP\system\BaseModel.php(662): CodeIgniter\Model->doFirst()
#6 C:\laragon\www\ColegioDP\app\Controllers\AuthController.php(47): CodeIgniter\BaseModel->first()
#7 C:\laragon\www\ColegioDP\system\CodeIgniter.php(919): App\Controllers\AuthController->login()
#8 C:\laragon\www\ColegioDP\system\CodeIgniter.php(494): CodeIgniter\CodeIgniter->runController(Object(App\Controllers\AuthController))
#9 C:\laragon\www\ColegioDP\system\CodeIgniter.php(353): CodeIgniter\CodeIgniter->handleRequest(NULL, Object(Config\Cache), false)
#10 C:\laragon\www\ColegioDP\public\index.php(79): CodeIgniter\CodeIgniter->run()
#11 C:\laragon\www\ColegioDP\system\Commands\Server\rewrite.php(47): require_once('C:\\laragon\\www\\...')
#12 {main}

Next CodeIgniter\Database\Exceptions\DatabaseException: No connection could be made because the target machine actively refused it in C:\laragon\www\ColegioDP\system\Database\MySQLi\Connection.php:229
Stack trace:
#0 C:\laragon\www\ColegioDP\system\Database\BaseConnection.php(391): CodeIgniter\Database\MySQLi\Connection->connect(false)
#1 C:\laragon\www\ColegioDP\system\Database\BaseConnection.php(574): CodeIgniter\Database\BaseConnection->initialize()
#2 C:\laragon\www\ColegioDP\system\Database\BaseBuilder.php(1615): CodeIgniter\Database\BaseConnection->query('SELECT *\nFROM `...', Array, false)
#3 C:\laragon\www\ColegioDP\system\Model.php(264): CodeIgniter\Database\BaseBuilder->get()
#4 C:\laragon\www\ColegioDP\system\BaseModel.php(662): CodeIgniter\Model->doFirst()
#5 C:\laragon\www\ColegioDP\app\Controllers\AuthController.php(47): CodeIgniter\BaseModel->first()
#6 C:\laragon\www\ColegioDP\system\CodeIgniter.php(919): App\Controllers\AuthController->login()
#7 C:\laragon\www\ColegioDP\system\CodeIgniter.php(494): CodeIgniter\CodeIgniter->runController(Object(App\Controllers\AuthController))
#8 C:\laragon\www\ColegioDP\system\CodeIgniter.php(353): CodeIgniter\CodeIgniter->handleRequest(NULL, Object(Config\Cache), false)
#9 C:\laragon\www\ColegioDP\public\index.php(79): CodeIgniter\CodeIgniter->run()
#10 C:\laragon\www\ColegioDP\system\Commands\Server\rewrite.php(47): require_once('C:\\laragon\\www\\...')
#11 {main}
CRITICAL - 2024-03-08 02:12:26 --> Unable to connect to the database.
Main connection [MySQLi]: No connection could be made because the target machine actively refused it
in SYSTEMPATH\Database\BaseConnection.php on line 427.
 1 SYSTEMPATH\Database\BaseConnection.php(574): CodeIgniter\Database\BaseConnection->initialize()
 2 SYSTEMPATH\Database\BaseBuilder.php(1615): CodeIgniter\Database\BaseConnection->query('SELECT *
FROM `users`
WHERE `email` = :email:
 LIMIT 1', [...], false)
 3 SYSTEMPATH\Model.php(264): CodeIgniter\Database\BaseBuilder->get()
 4 SYSTEMPATH\BaseModel.php(662): CodeIgniter\Model->doFirst()
 5 APPPATH\Controllers\AuthController.php(47): CodeIgniter\BaseModel->first()
 6 SYSTEMPATH\CodeIgniter.php(919): App\Controllers\AuthController->login()
 7 SYSTEMPATH\CodeIgniter.php(494): CodeIgniter\CodeIgniter->runController(Object(App\Controllers\AuthController))
 8 SYSTEMPATH\CodeIgniter.php(353): CodeIgniter\CodeIgniter->handleRequest(null, Object(Config\Cache), false)
 9 FCPATH\index.php(79): CodeIgniter\CodeIgniter->run()
10 SYSTEMPATH\Commands\Server\rewrite.php(47): require_once('C:\\laragon\\www\\ColegioDP\\public\\index.php')
CRITICAL - 2024-03-08 02:12:46 --> Invalid file: "error.php"
in SYSTEMPATH\Exceptions\FrameworkException.php on line 39.
 1 SYSTEMPATH\View\View.php(214): CodeIgniter\Exceptions\FrameworkException::forInvalidFile('error.php')
 2 SYSTEMPATH\Common.php(1188): CodeIgniter\View\View->render('error', [], true)
 3 APPPATH\Controllers\Dashboard.php(34): view('error', [...])
 4 SYSTEMPATH\CodeIgniter.php(919): App\Controllers\Dashboard->index()
 5 SYSTEMPATH\CodeIgniter.php(494): CodeIgniter\CodeIgniter->runController(Object(App\Controllers\Dashboard))
 6 SYSTEMPATH\CodeIgniter.php(353): CodeIgniter\CodeIgniter->handleRequest(null, Object(Config\Cache), false)
 7 FCPATH\index.php(79): CodeIgniter\CodeIgniter->run()
 8 SYSTEMPATH\Commands\Server\rewrite.php(47): require_once('C:\\laragon\\www\\ColegioDP\\public\\index.php')
CRITICAL - 2024-03-08 02:13:37 --> Invalid file: "error.php"
in SYSTEMPATH\Exceptions\FrameworkException.php on line 39.
 1 SYSTEMPATH\View\View.php(214): CodeIgniter\Exceptions\FrameworkException::forInvalidFile('error.php')
 2 SYSTEMPATH\Common.php(1188): CodeIgniter\View\View->render('error', [], true)
 3 APPPATH\Controllers\Dashboard.php(34): view('error', [...])
 4 SYSTEMPATH\CodeIgniter.php(919): App\Controllers\Dashboard->index()
 5 SYSTEMPATH\CodeIgniter.php(494): CodeIgniter\CodeIgniter->runController(Object(App\Controllers\Dashboard))
 6 SYSTEMPATH\CodeIgniter.php(353): CodeIgniter\CodeIgniter->handleRequest(null, Object(Config\Cache), false)
 7 FCPATH\index.php(79): CodeIgniter\CodeIgniter->run()
 8 SYSTEMPATH\Commands\Server\rewrite.php(47): require_once('C:\\laragon\\www\\ColegioDP\\public\\index.php')
CRITICAL - 2024-03-08 02:14:28 --> Invalid file: "error.php"
in SYSTEMPATH\Exceptions\FrameworkException.php on line 39.
 1 SYSTEMPATH\View\View.php(214): CodeIgniter\Exceptions\FrameworkException::forInvalidFile('error.php')
 2 SYSTEMPATH\Common.php(1188): CodeIgniter\View\View->render('error', [], true)
 3 APPPATH\Controllers\Dashboard.php(34): view('error', [...])
 4 SYSTEMPATH\CodeIgniter.php(919): App\Controllers\Dashboard->index()
 5 SYSTEMPATH\CodeIgniter.php(494): CodeIgniter\CodeIgniter->runController(Object(App\Controllers\Dashboard))
 6 SYSTEMPATH\CodeIgniter.php(353): CodeIgniter\CodeIgniter->handleRequest(null, Object(Config\Cache), false)
 7 FCPATH\index.php(79): CodeIgniter\CodeIgniter->run()
 8 SYSTEMPATH\Commands\Server\rewrite.php(47): require_once('C:\\laragon\\www\\ColegioDP\\public\\index.php')
CRITICAL - 2024-03-08 02:14:29 --> Invalid file: "error.php"
in SYSTEMPATH\Exceptions\FrameworkException.php on line 39.
 1 SYSTEMPATH\View\View.php(214): CodeIgniter\Exceptions\FrameworkException::forInvalidFile('error.php')
 2 SYSTEMPATH\Common.php(1188): CodeIgniter\View\View->render('error', [], true)
 3 APPPATH\Controllers\Dashboard.php(34): view('error', [...])
 4 SYSTEMPATH\CodeIgniter.php(919): App\Controllers\Dashboard->index()
 5 SYSTEMPATH\CodeIgniter.php(494): CodeIgniter\CodeIgniter->runController(Object(App\Controllers\Dashboard))
 6 SYSTEMPATH\CodeIgniter.php(353): CodeIgniter\CodeIgniter->handleRequest(null, Object(Config\Cache), false)
 7 FCPATH\index.php(79): CodeIgniter\CodeIgniter->run()
 8 SYSTEMPATH\Commands\Server\rewrite.php(47): require_once('C:\\laragon\\www\\ColegioDP\\public\\index.php')
CRITICAL - 2024-03-08 02:15:22 --> Invalid file: "error.php"
in SYSTEMPATH\Exceptions\FrameworkException.php on line 39.
 1 SYSTEMPATH\View\View.php(214): CodeIgniter\Exceptions\FrameworkException::forInvalidFile('error.php')
 2 SYSTEMPATH\Common.php(1188): CodeIgniter\View\View->render('error', [], true)
 3 APPPATH\Controllers\Dashboard.php(34): view('error', [...])
 4 SYSTEMPATH\CodeIgniter.php(919): App\Controllers\Dashboard->index()
 5 SYSTEMPATH\CodeIgniter.php(494): CodeIgniter\CodeIgniter->runController(Object(App\Controllers\Dashboard))
 6 SYSTEMPATH\CodeIgniter.php(353): CodeIgniter\CodeIgniter->handleRequest(null, Object(Config\Cache), false)
 7 FCPATH\index.php(79): CodeIgniter\CodeIgniter->run()
 8 SYSTEMPATH\Commands\Server\rewrite.php(47): require_once('C:\\laragon\\www\\ColegioDP\\public\\index.php')
CRITICAL - 2024-03-08 02:15:23 --> Invalid file: "error.php"
in SYSTEMPATH\Exceptions\FrameworkException.php on line 39.
 1 SYSTEMPATH\View\View.php(214): CodeIgniter\Exceptions\FrameworkException::forInvalidFile('error.php')
 2 SYSTEMPATH\Common.php(1188): CodeIgniter\View\View->render('error', [], true)
 3 APPPATH\Controllers\Dashboard.php(34): view('error', [...])
 4 SYSTEMPATH\CodeIgniter.php(919): App\Controllers\Dashboard->index()
 5 SYSTEMPATH\CodeIgniter.php(494): CodeIgniter\CodeIgniter->runController(Object(App\Controllers\Dashboard))
 6 SYSTEMPATH\CodeIgniter.php(353): CodeIgniter\CodeIgniter->handleRequest(null, Object(Config\Cache), false)
 7 FCPATH\index.php(79): CodeIgniter\CodeIgniter->run()
 8 SYSTEMPATH\Commands\Server\rewrite.php(47): require_once('C:\\laragon\\www\\ColegioDP\\public\\index.php')
CRITICAL - 2024-03-08 02:15:24 --> Invalid file: "error.php"
in SYSTEMPATH\Exceptions\FrameworkException.php on line 39.
 1 SYSTEMPATH\View\View.php(214): CodeIgniter\Exceptions\FrameworkException::forInvalidFile('error.php')
 2 SYSTEMPATH\Common.php(1188): CodeIgniter\View\View->render('error', [], true)
 3 APPPATH\Controllers\Dashboard.php(34): view('error', [...])
 4 SYSTEMPATH\CodeIgniter.php(919): App\Controllers\Dashboard->index()
 5 SYSTEMPATH\CodeIgniter.php(494): CodeIgniter\CodeIgniter->runController(Object(App\Controllers\Dashboard))
 6 SYSTEMPATH\CodeIgniter.php(353): CodeIgniter\CodeIgniter->handleRequest(null, Object(Config\Cache), false)
 7 FCPATH\index.php(79): CodeIgniter\CodeIgniter->run()
 8 SYSTEMPATH\Commands\Server\rewrite.php(47): require_once('C:\\laragon\\www\\ColegioDP\\public\\index.php')
CRITICAL - 2024-03-08 02:16:24 --> Invalid file: "error.php"
in SYSTEMPATH\Exceptions\FrameworkException.php on line 39.
 1 SYSTEMPATH\View\View.php(214): CodeIgniter\Exceptions\FrameworkException::forInvalidFile('error.php')
 2 SYSTEMPATH\Common.php(1188): CodeIgniter\View\View->render('error', [], true)
 3 APPPATH\Controllers\Dashboard.php(34): view('error', [...])
 4 SYSTEMPATH\CodeIgniter.php(919): App\Controllers\Dashboard->index()
 5 SYSTEMPATH\CodeIgniter.php(494): CodeIgniter\CodeIgniter->runController(Object(App\Controllers\Dashboard))
 6 SYSTEMPATH\CodeIgniter.php(353): CodeIgniter\CodeIgniter->handleRequest(null, Object(Config\Cache), false)
 7 FCPATH\index.php(79): CodeIgniter\CodeIgniter->run()
 8 SYSTEMPATH\Commands\Server\rewrite.php(47): require_once('C:\\laragon\\www\\ColegioDP\\public\\index.php')
CRITICAL - 2024-03-08 02:16:25 --> Invalid file: "error.php"
in SYSTEMPATH\Exceptions\FrameworkException.php on line 39.
 1 SYSTEMPATH\View\View.php(214): CodeIgniter\Exceptions\FrameworkException::forInvalidFile('error.php')
 2 SYSTEMPATH\Common.php(1188): CodeIgniter\View\View->render('error', [], true)
 3 APPPATH\Controllers\Dashboard.php(34): view('error', [...])
 4 SYSTEMPATH\CodeIgniter.php(919): App\Controllers\Dashboard->index()
 5 SYSTEMPATH\CodeIgniter.php(494): CodeIgniter\CodeIgniter->runController(Object(App\Controllers\Dashboard))
 6 SYSTEMPATH\CodeIgniter.php(353): CodeIgniter\CodeIgniter->handleRequest(null, Object(Config\Cache), false)
 7 FCPATH\index.php(79): CodeIgniter\CodeIgniter->run()
 8 SYSTEMPATH\Commands\Server\rewrite.php(47): require_once('C:\\laragon\\www\\ColegioDP\\public\\index.php')
CRITICAL - 2024-03-08 02:17:02 --> Invalid file: "error.php"
in SYSTEMPATH\Exceptions\FrameworkException.php on line 39.
 1 SYSTEMPATH\View\View.php(214): CodeIgniter\Exceptions\FrameworkException::forInvalidFile('error.php')
 2 SYSTEMPATH\Common.php(1188): CodeIgniter\View\View->render('error', [], true)
 3 APPPATH\Controllers\Dashboard.php(34): view('error', [...])
 4 SYSTEMPATH\CodeIgniter.php(919): App\Controllers\Dashboard->index()
 5 SYSTEMPATH\CodeIgniter.php(494): CodeIgniter\CodeIgniter->runController(Object(App\Controllers\Dashboard))
 6 SYSTEMPATH\CodeIgniter.php(353): CodeIgniter\CodeIgniter->handleRequest(null, Object(Config\Cache), false)
 7 FCPATH\index.php(79): CodeIgniter\CodeIgniter->run()
 8 SYSTEMPATH\Commands\Server\rewrite.php(47): require_once('C:\\laragon\\www\\ColegioDP\\public\\index.php')
CRITICAL - 2024-03-08 02:17:04 --> Invalid file: "error.php"
in SYSTEMPATH\Exceptions\FrameworkException.php on line 39.
 1 SYSTEMPATH\View\View.php(214): CodeIgniter\Exceptions\FrameworkException::forInvalidFile('error.php')
 2 SYSTEMPATH\Common.php(1188): CodeIgniter\View\View->render('error', [], true)
 3 APPPATH\Controllers\Dashboard.php(34): view('error', [...])
 4 SYSTEMPATH\CodeIgniter.php(919): App\Controllers\Dashboard->index()
 5 SYSTEMPATH\CodeIgniter.php(494): CodeIgniter\CodeIgniter->runController(Object(App\Controllers\Dashboard))
 6 SYSTEMPATH\CodeIgniter.php(353): CodeIgniter\CodeIgniter->handleRequest(null, Object(Config\Cache), false)
 7 FCPATH\index.php(79): CodeIgniter\CodeIgniter->run()
 8 SYSTEMPATH\Commands\Server\rewrite.php(47): require_once('C:\\laragon\\www\\ColegioDP\\public\\index.php')
CRITICAL - 2024-03-08 02:18:06 --> Invalid file: "error.php"
in SYSTEMPATH\Exceptions\FrameworkException.php on line 39.
 1 SYSTEMPATH\View\View.php(214): CodeIgniter\Exceptions\FrameworkException::forInvalidFile('error.php')
 2 SYSTEMPATH\Common.php(1188): CodeIgniter\View\View->render('error', [], true)
 3 APPPATH\Controllers\ProfileSetting.php(34): view('error', [...])
 4 SYSTEMPATH\CodeIgniter.php(919): App\Controllers\ProfileSetting->index()
 5 SYSTEMPATH\CodeIgniter.php(494): CodeIgniter\CodeIgniter->runController(Object(App\Controllers\ProfileSetting))
 6 SYSTEMPATH\CodeIgniter.php(353): CodeIgniter\CodeIgniter->handleRequest(null, Object(Config\Cache), false)
 7 FCPATH\index.php(79): CodeIgniter\CodeIgniter->run()
 8 SYSTEMPATH\Commands\Server\rewrite.php(47): require_once('C:\\laragon\\www\\ColegioDP\\public\\index.php')
CRITICAL - 2024-03-08 02:19:11 --> Invalid file: "error.php"
in SYSTEMPATH\Exceptions\FrameworkException.php on line 39.
 1 SYSTEMPATH\View\View.php(214): CodeIgniter\Exceptions\FrameworkException::forInvalidFile('error.php')
 2 SYSTEMPATH\Common.php(1188): CodeIgniter\View\View->render('error', [], true)
 3 APPPATH\Controllers\ProfileSetting.php(34): view('error', [...])
 4 SYSTEMPATH\CodeIgniter.php(919): App\Controllers\ProfileSetting->index()
 5 SYSTEMPATH\CodeIgniter.php(494): CodeIgniter\CodeIgniter->runController(Object(App\Controllers\ProfileSetting))
 6 SYSTEMPATH\CodeIgniter.php(353): CodeIgniter\CodeIgniter->handleRequest(null, Object(Config\Cache), false)
 7 FCPATH\index.php(79): CodeIgniter\CodeIgniter->run()
 8 SYSTEMPATH\Commands\Server\rewrite.php(47): require_once('C:\\laragon\\www\\ColegioDP\\public\\index.php')
CRITICAL - 2024-03-08 02:19:17 --> Invalid file: "error.php"
in SYSTEMPATH\Exceptions\FrameworkException.php on line 39.
 1 SYSTEMPATH\View\View.php(214): CodeIgniter\Exceptions\FrameworkException::forInvalidFile('error.php')
 2 SYSTEMPATH\Common.php(1188): CodeIgniter\View\View->render('error', [], true)
 3 APPPATH\Controllers\Dashboard.php(34): view('error', [...])
 4 SYSTEMPATH\CodeIgniter.php(919): App\Controllers\Dashboard->index()
 5 SYSTEMPATH\CodeIgniter.php(494): CodeIgniter\CodeIgniter->runController(Object(App\Controllers\Dashboard))
 6 SYSTEMPATH\CodeIgniter.php(353): CodeIgniter\CodeIgniter->handleRequest(null, Object(Config\Cache), false)
 7 FCPATH\index.php(79): CodeIgniter\CodeIgniter->run()
 8 SYSTEMPATH\Commands\Server\rewrite.php(47): require_once('C:\\laragon\\www\\ColegioDP\\public\\index.php')
CRITICAL - 2024-03-08 02:21:14 --> Invalid file: "error.php"
in SYSTEMPATH\Exceptions\FrameworkException.php on line 39.
 1 SYSTEMPATH\View\View.php(214): CodeIgniter\Exceptions\FrameworkException::forInvalidFile('error.php')
 2 SYSTEMPATH\Common.php(1188): CodeIgniter\View\View->render('error', [], true)
 3 APPPATH\Controllers\Dashboard.php(34): view('error', [...])
 4 SYSTEMPATH\CodeIgniter.php(919): App\Controllers\Dashboard->index()
 5 SYSTEMPATH\CodeIgniter.php(494): CodeIgniter\CodeIgniter->runController(Object(App\Controllers\Dashboard))
 6 SYSTEMPATH\CodeIgniter.php(353): CodeIgniter\CodeIgniter->handleRequest(null, Object(Config\Cache), false)
 7 FCPATH\index.php(79): CodeIgniter\CodeIgniter->run()
 8 SYSTEMPATH\Commands\Server\rewrite.php(47): require_once('C:\\laragon\\www\\ColegioDP\\public\\index.php')
CRITICAL - 2024-03-08 02:21:14 --> Invalid file: "error.php"
in SYSTEMPATH\Exceptions\FrameworkException.php on line 39.
 1 SYSTEMPATH\View\View.php(214): CodeIgniter\Exceptions\FrameworkException::forInvalidFile('error.php')
 2 SYSTEMPATH\Common.php(1188): CodeIgniter\View\View->render('error', [], true)
 3 APPPATH\Controllers\Dashboard.php(34): view('error', [...])
 4 SYSTEMPATH\CodeIgniter.php(919): App\Controllers\Dashboard->index()
 5 SYSTEMPATH\CodeIgniter.php(494): CodeIgniter\CodeIgniter->runController(Object(App\Controllers\Dashboard))
 6 SYSTEMPATH\CodeIgniter.php(353): CodeIgniter\CodeIgniter->handleRequest(null, Object(Config\Cache), false)
 7 FCPATH\index.php(79): CodeIgniter\CodeIgniter->run()
 8 SYSTEMPATH\Commands\Server\rewrite.php(47): require_once('C:\\laragon\\www\\ColegioDP\\public\\index.php')
CRITICAL - 2024-03-08 02:21:15 --> Invalid file: "error.php"
in SYSTEMPATH\Exceptions\FrameworkException.php on line 39.
 1 SYSTEMPATH\View\View.php(214): CodeIgniter\Exceptions\FrameworkException::forInvalidFile('error.php')
 2 SYSTEMPATH\Common.php(1188): CodeIgniter\View\View->render('error', [], true)
 3 APPPATH\Controllers\Dashboard.php(34): view('error', [...])
 4 SYSTEMPATH\CodeIgniter.php(919): App\Controllers\Dashboard->index()
 5 SYSTEMPATH\CodeIgniter.php(494): CodeIgniter\CodeIgniter->runController(Object(App\Controllers\Dashboard))
 6 SYSTEMPATH\CodeIgniter.php(353): CodeIgniter\CodeIgniter->handleRequest(null, Object(Config\Cache), false)
 7 FCPATH\index.php(79): CodeIgniter\CodeIgniter->run()
 8 SYSTEMPATH\Commands\Server\rewrite.php(47): require_once('C:\\laragon\\www\\ColegioDP\\public\\index.php')
CRITICAL - 2024-03-08 02:21:25 --> Invalid file: "error.php"
in SYSTEMPATH\Exceptions\FrameworkException.php on line 39.
 1 SYSTEMPATH\View\View.php(214): CodeIgniter\Exceptions\FrameworkException::forInvalidFile('error.php')
 2 SYSTEMPATH\Common.php(1188): CodeIgniter\View\View->render('error', [], true)
 3 APPPATH\Controllers\ProfileSetting.php(34): view('error', [...])
 4 SYSTEMPATH\CodeIgniter.php(919): App\Controllers\ProfileSetting->index()
 5 SYSTEMPATH\CodeIgniter.php(494): CodeIgniter\CodeIgniter->runController(Object(App\Controllers\ProfileSetting))
 6 SYSTEMPATH\CodeIgniter.php(353): CodeIgniter\CodeIgniter->handleRequest(null, Object(Config\Cache), false)
 7 FCPATH\index.php(79): CodeIgniter\CodeIgniter->run()
 8 SYSTEMPATH\Commands\Server\rewrite.php(47): require_once('C:\\laragon\\www\\ColegioDP\\public\\index.php')
CRITICAL - 2024-03-08 02:21:27 --> Class "App\Models\ExamsModel" not found
in APPPATH\Controllers\Home.php on line 15.
 1 SYSTEMPATH\CodeIgniter.php(891): App\Controllers\Home->__construct()
 2 SYSTEMPATH\CodeIgniter.php(485): CodeIgniter\CodeIgniter->createController()
 3 SYSTEMPATH\CodeIgniter.php(353): CodeIgniter\CodeIgniter->handleRequest(null, Object(Config\Cache), false)
 4 FCPATH\index.php(79): CodeIgniter\CodeIgniter->run()
 5 SYSTEMPATH\Commands\Server\rewrite.php(47): require_once('C:\\laragon\\www\\ColegioDP\\public\\index.php')
CRITICAL - 2024-03-08 02:21:30 --> Invalid file: "error.php"
in SYSTEMPATH\Exceptions\FrameworkException.php on line 39.
 1 SYSTEMPATH\View\View.php(214): CodeIgniter\Exceptions\FrameworkException::forInvalidFile('error.php')
 2 SYSTEMPATH\Common.php(1188): CodeIgniter\View\View->render('error', [], true)
 3 APPPATH\Controllers\Dashboard.php(34): view('error', [...])
 4 SYSTEMPATH\CodeIgniter.php(919): App\Controllers\Dashboard->index()
 5 SYSTEMPATH\CodeIgniter.php(494): CodeIgniter\CodeIgniter->runController(Object(App\Controllers\Dashboard))
 6 SYSTEMPATH\CodeIgniter.php(353): CodeIgniter\CodeIgniter->handleRequest(null, Object(Config\Cache), false)
 7 FCPATH\index.php(79): CodeIgniter\CodeIgniter->run()
 8 SYSTEMPATH\Commands\Server\rewrite.php(47): require_once('C:\\laragon\\www\\ColegioDP\\public\\index.php')
CRITICAL - 2024-03-08 02:21:37 --> Invalid file: "error.php"
in SYSTEMPATH\Exceptions\FrameworkException.php on line 39.
 1 SYSTEMPATH\View\View.php(214): CodeIgniter\Exceptions\FrameworkException::forInvalidFile('error.php')
 2 SYSTEMPATH\Common.php(1188): CodeIgniter\View\View->render('error', [], true)
 3 APPPATH\Controllers\Dashboard.php(34): view('error', [...])
 4 SYSTEMPATH\CodeIgniter.php(919): App\Controllers\Dashboard->index()
 5 SYSTEMPATH\CodeIgniter.php(494): CodeIgniter\CodeIgniter->runController(Object(App\Controllers\Dashboard))
 6 SYSTEMPATH\CodeIgniter.php(353): CodeIgniter\CodeIgniter->handleRequest(null, Object(Config\Cache), false)
 7 FCPATH\index.php(79): CodeIgniter\CodeIgniter->run()
 8 SYSTEMPATH\Commands\Server\rewrite.php(47): require_once('C:\\laragon\\www\\ColegioDP\\public\\index.php')
CRITICAL - 2024-03-08 02:21:40 --> Invalid file: "error.php"
in SYSTEMPATH\Exceptions\FrameworkException.php on line 39.
 1 SYSTEMPATH\View\View.php(214): CodeIgniter\Exceptions\FrameworkException::forInvalidFile('error.php')
 2 SYSTEMPATH\Common.php(1188): CodeIgniter\View\View->render('error', [], true)
 3 APPPATH\Controllers\Dashboard.php(34): view('error', [...])
 4 SYSTEMPATH\CodeIgniter.php(919): App\Controllers\Dashboard->index()
 5 SYSTEMPATH\CodeIgniter.php(494): CodeIgniter\CodeIgniter->runController(Object(App\Controllers\Dashboard))
 6 SYSTEMPATH\CodeIgniter.php(353): CodeIgniter\CodeIgniter->handleRequest(null, Object(Config\Cache), false)
 7 FCPATH\index.php(79): CodeIgniter\CodeIgniter->run()
 8 SYSTEMPATH\Commands\Server\rewrite.php(47): require_once('C:\\laragon\\www\\ColegioDP\\public\\index.php')
CRITICAL - 2024-03-08 02:23:45 --> Class "App\Models\ExamsModel" not found
in APPPATH\Controllers\Home.php on line 15.
 1 SYSTEMPATH\CodeIgniter.php(891): App\Controllers\Home->__construct()
 2 SYSTEMPATH\CodeIgniter.php(485): CodeIgniter\CodeIgniter->createController()
 3 SYSTEMPATH\CodeIgniter.php(353): CodeIgniter\CodeIgniter->handleRequest(null, Object(Config\Cache), false)
 4 FCPATH\index.php(79): CodeIgniter\CodeIgniter->run()
 5 SYSTEMPATH\Commands\Server\rewrite.php(47): require_once('C:\\laragon\\www\\ColegioDP\\public\\index.php')
CRITICAL - 2024-03-08 02:26:10 --> Class "App\Models\ExamsModel" not found
in APPPATH\Controllers\Home.php on line 15.
 1 SYSTEMPATH\CodeIgniter.php(891): App\Controllers\Home->__construct()
 2 SYSTEMPATH\CodeIgniter.php(485): CodeIgniter\CodeIgniter->createController()
 3 SYSTEMPATH\CodeIgniter.php(353): CodeIgniter\CodeIgniter->handleRequest(null, Object(Config\Cache), false)
 4 FCPATH\index.php(79): CodeIgniter\CodeIgniter->run()
 5 SYSTEMPATH\Commands\Server\rewrite.php(47): require_once('C:\\laragon\\www\\ColegioDP\\public\\index.php')
CRITICAL - 2024-03-08 02:26:56 --> Invalid file: "error.php"
in SYSTEMPATH\Exceptions\FrameworkException.php on line 39.
 1 SYSTEMPATH\View\View.php(214): CodeIgniter\Exceptions\FrameworkException::forInvalidFile('error.php')
 2 SYSTEMPATH\Common.php(1188): CodeIgniter\View\View->render('error', [], true)
 3 APPPATH\Controllers\Dashboard.php(34): view('error', [...])
 4 SYSTEMPATH\CodeIgniter.php(919): App\Controllers\Dashboard->index()
 5 SYSTEMPATH\CodeIgniter.php(494): CodeIgniter\CodeIgniter->runController(Object(App\Controllers\Dashboard))
 6 SYSTEMPATH\CodeIgniter.php(353): CodeIgniter\CodeIgniter->handleRequest(null, Object(Config\Cache), false)
 7 FCPATH\index.php(79): CodeIgniter\CodeIgniter->run()
 8 SYSTEMPATH\Commands\Server\rewrite.php(47): require_once('C:\\laragon\\www\\ColegioDP\\public\\index.php')
CRITICAL - 2024-03-08 02:29:56 --> Invalid file: "error.php"
in SYSTEMPATH\Exceptions\FrameworkException.php on line 39.
 1 SYSTEMPATH\View\View.php(214): CodeIgniter\Exceptions\FrameworkException::forInvalidFile('error.php')
 2 SYSTEMPATH\Common.php(1188): CodeIgniter\View\View->render('error', [], true)
 3 APPPATH\Controllers\ProfileSetting.php(34): view('error', [...])
 4 SYSTEMPATH\CodeIgniter.php(919): App\Controllers\ProfileSetting->index()
 5 SYSTEMPATH\CodeIgniter.php(494): CodeIgniter\CodeIgniter->runController(Object(App\Controllers\ProfileSetting))
 6 SYSTEMPATH\CodeIgniter.php(353): CodeIgniter\CodeIgniter->handleRequest(null, Object(Config\Cache), false)
 7 FCPATH\index.php(79): CodeIgniter\CodeIgniter->run()
 8 SYSTEMPATH\Commands\Server\rewrite.php(47): require_once('C:\\laragon\\www\\ColegioDP\\public\\index.php')
CRITICAL - 2024-03-08 02:36:31 --> Invalid file: "error.php"
in SYSTEMPATH\Exceptions\FrameworkException.php on line 39.
 1 SYSTEMPATH\View\View.php(214): CodeIgniter\Exceptions\FrameworkException::forInvalidFile('error.php')
 2 SYSTEMPATH\Common.php(1188): CodeIgniter\View\View->render('error', [], true)
 3 APPPATH\Controllers\ProfileSetting.php(34): view('error', [...])
 4 SYSTEMPATH\CodeIgniter.php(919): App\Controllers\ProfileSetting->index()
 5 SYSTEMPATH\CodeIgniter.php(494): CodeIgniter\CodeIgniter->runController(Object(App\Controllers\ProfileSetting))
 6 SYSTEMPATH\CodeIgniter.php(353): CodeIgniter\CodeIgniter->handleRequest(null, Object(Config\Cache), false)
 7 FCPATH\index.php(79): CodeIgniter\CodeIgniter->run()
 8 SYSTEMPATH\Commands\Server\rewrite.php(47): require_once('C:\\laragon\\www\\ColegioDP\\public\\index.php')
CRITICAL - 2024-03-08 02:36:32 --> Invalid file: "error.php"
in SYSTEMPATH\Exceptions\FrameworkException.php on line 39.
 1 SYSTEMPATH\View\View.php(214): CodeIgniter\Exceptions\FrameworkException::forInvalidFile('error.php')
 2 SYSTEMPATH\Common.php(1188): CodeIgniter\View\View->render('error', [], true)
 3 APPPATH\Controllers\Dashboard.php(34): view('error', [...])
 4 SYSTEMPATH\CodeIgniter.php(919): App\Controllers\Dashboard->index()
 5 SYSTEMPATH\CodeIgniter.php(494): CodeIgniter\CodeIgniter->runController(Object(App\Controllers\Dashboard))
 6 SYSTEMPATH\CodeIgniter.php(353): CodeIgniter\CodeIgniter->handleRequest(null, Object(Config\Cache), false)
 7 FCPATH\index.php(79): CodeIgniter\CodeIgniter->run()
 8 SYSTEMPATH\Commands\Server\rewrite.php(47): require_once('C:\\laragon\\www\\ColegioDP\\public\\index.php')
CRITICAL - 2024-03-08 03:03:41 --> syntax error, unexpected end of file
in APPPATH\Views\profile.php on line 249.
 1 SYSTEMPATH\View\View.php(229): CodeIgniter\View\View->CodeIgniter\View\{closure}()
 2 SYSTEMPATH\Common.php(1188): CodeIgniter\View\View->render('/profile', [], true)
 3 APPPATH\Controllers\ProfileSetting.php(26): view('/profile', [...])
 4 SYSTEMPATH\CodeIgniter.php(919): App\Controllers\ProfileSetting->index()
 5 SYSTEMPATH\CodeIgniter.php(494): CodeIgniter\CodeIgniter->runController(Object(App\Controllers\ProfileSetting))
 6 SYSTEMPATH\CodeIgniter.php(353): CodeIgniter\CodeIgniter->handleRequest(null, Object(Config\Cache), false)
 7 FCPATH\index.php(79): CodeIgniter\CodeIgniter->run()
 8 SYSTEMPATH\Commands\Server\rewrite.php(47): require_once('C:\\laragon\\www\\ColegioDP\\public\\index.php')
